[DEBUG] [2021-05-14 09:43] testInsertTutorAndDeleteTutor()
[DEBUG] [2021-05-14 09:43] ==>  Preparing: Insert into tutors(tutor_id, name, email, phone, addr_id) values (?, ?, ?, ?, ?)
[DEBUG] [2021-05-14 09:43] ==> Parameters: 5(Integer), mskim(String), net94@naver.com(String), 010-2222-2222(String), 2(Integer)
[DEBUG] [2021-05-14 09:43] <==    Updates: 1
[DEBUG] [2021-05-14 09:43] ==>  Preparing: select t.tutor_id , t.name as tutor_name ,email , c.course_id , c.name , description , start_date , end_date from tutors t left outer join courses c on t.tutor_id=c.tutor_id where t.tutor_id=?;
[DEBUG] [2021-05-14 09:43] ==> Parameters: 5(Integer)
[TRACE] [2021-05-14 09:43] <==    Columns: tutor_id, tutor_name, email, course_id, name, description, start_date, end_date
[TRACE] [2021-05-14 09:43] <==        Row: 5, mskim, net94@naver.com, null, null, null, null, null
[DEBUG] [2021-05-14 09:43] <==      Total: 1
[DEBUG] [2021-05-14 09:43] Tutor [5, mskim, net94@naver.com, null, []]
[DEBUG] [2021-05-14 09:43] ==>  Preparing: delete from tutors where tutor_id=?
[DEBUG] [2021-05-14 09:43] ==> Parameters: 5(Integer)
[DEBUG] [2021-05-14 09:43] <==    Updates: 1
[DEBUG] [2021-05-14 09:43] testSelectTutorByTutorId()
[DEBUG] [2021-05-14 09:43] ==>  Preparing: select t.tutor_id , t.name as tutor_name ,email , c.course_id , c.name , description , start_date , end_date from tutors t left outer join courses c on t.tutor_id=c.tutor_id where t.tutor_id=?;
[DEBUG] [2021-05-14 09:43] ==> Parameters: 1(Integer)
[TRACE] [2021-05-14 09:43] <==    Columns: tutor_id, tutor_name, email, course_id, name, description, start_date, end_date
[TRACE] [2021-05-14 09:43] <==        Row: 1, John, john@gmail.com, 1, Quickstart Core Java, Core Java Programming, 2013-03-01, 2013-04-15
[TRACE] [2021-05-14 09:43] <==        Row: 1, John, john@gmail.com, 2, Quickstart JavaEE6, Enterprise App Development using JavaEE6, 2013-04-01, 2013-08-30
[DEBUG] [2021-05-14 09:43] <==      Total: 2
[TRACE] [2021-05-14 09:43] 1 : John
[DEBUG] [2021-05-14 09:43] Tutor [1, John, john@gmail.com, null, [Course [1, Quickstart Core Java, Core Java Programming, Fri Mar 01 00:00:00 KST 2013, Mon Apr 15 00:00:00 KST 2013, 0], Course [2, Quickstart JavaEE6, Enterprise App Development using JavaEE6, Mon Apr 01 00:00:00 KST 2013, Fri Aug 30 00:00:00 KST 2013, 0]]]
[DEBUG] [2021-05-14 09:44] test01SelectTutorByTutorId()
[DEBUG] [2021-05-14 09:44] ==>  Preparing: select t.tutor_id , t.name as tutor_name ,email , c.course_id , c.name , description , start_date , end_date from tutors t left outer join courses c on t.tutor_id=c.tutor_id where t.tutor_id=?;
[DEBUG] [2021-05-14 09:44] ==> Parameters: 1(Integer)
[TRACE] [2021-05-14 09:44] <==    Columns: tutor_id, tutor_name, email, course_id, name, description, start_date, end_date
[TRACE] [2021-05-14 09:44] <==        Row: 1, John, john@gmail.com, 1, Quickstart Core Java, Core Java Programming, 2013-03-01, 2013-04-15
[TRACE] [2021-05-14 09:44] <==        Row: 1, John, john@gmail.com, 2, Quickstart JavaEE6, Enterprise App Development using JavaEE6, 2013-04-01, 2013-08-30
[DEBUG] [2021-05-14 09:44] <==      Total: 2
[TRACE] [2021-05-14 09:44] 1 : John
[DEBUG] [2021-05-14 09:44] Tutor [1, John, john@gmail.com, null, [Course [1, Quickstart Core Java, Core Java Programming, Fri Mar 01 00:00:00 KST 2013, Mon Apr 15 00:00:00 KST 2013, 0], Course [2, Quickstart JavaEE6, Enterprise App Development using JavaEE6, Mon Apr 01 00:00:00 KST 2013, Fri Aug 30 00:00:00 KST 2013, 0]]]
[DEBUG] [2021-05-14 09:44] test02InsertTutorAndDeleteTutor()
[DEBUG] [2021-05-14 09:44] ==>  Preparing: Insert into tutors(tutor_id, name, email, phone, addr_id) values (?, ?, ?, ?, ?)
[DEBUG] [2021-05-14 09:44] ==> Parameters: 5(Integer), mskim(String), net94@naver.com(String), 010-2222-2222(String), 2(Integer)
[DEBUG] [2021-05-14 09:44] <==    Updates: 1
[DEBUG] [2021-05-14 09:44] ==>  Preparing: select t.tutor_id , t.name as tutor_name ,email , c.course_id , c.name , description , start_date , end_date from tutors t left outer join courses c on t.tutor_id=c.tutor_id where t.tutor_id=?;
[DEBUG] [2021-05-14 09:44] ==> Parameters: 5(Integer)
[TRACE] [2021-05-14 09:44] <==    Columns: tutor_id, tutor_name, email, course_id, name, description, start_date, end_date
[TRACE] [2021-05-14 09:44] <==        Row: 5, mskim, net94@naver.com, null, null, null, null, null
[DEBUG] [2021-05-14 09:44] <==      Total: 1
[DEBUG] [2021-05-14 09:44] Tutor [5, mskim, net94@naver.com, null, []]
[DEBUG] [2021-05-14 09:44] ==>  Preparing: delete from tutors where tutor_id=?
[DEBUG] [2021-05-14 09:44] ==> Parameters: 5(Integer)
[DEBUG] [2021-05-14 09:44] <==    Updates: 1
[DEBUG] [2021-05-14 10:18] test01SelectCourseByCondition()
[DEBUG] [2021-05-14 10:18] ==>  Preparing: select course_id, name, description, start_date, end_date, tutor_id from courses WHERE tutor_id = ?
[DEBUG] [2021-05-14 10:18] ==> Parameters: 1(Integer)
[TRACE] [2021-05-14 10:18] <==    Columns: course_id, name, description, start_date, end_date, tutor_id
[TRACE] [2021-05-14 10:18] <==        Row: 1, Quickstart Core Java, Core Java Programming, 2013-03-01, 2013-04-15, 1
[TRACE] [2021-05-14 10:18] <==        Row: 2, Quickstart JavaEE6, Enterprise App Development using JavaEE6, 2013-04-01, 2013-08-30, 1
[DEBUG] [2021-05-14 10:18] <==      Total: 2
[DEBUG] [2021-05-14 10:18] test02SelectCoursesByCondition()
[DEBUG] [2021-05-14 10:18] ==>  Preparing: select course_id, name, description, start_date, end_date, tutor_id from courses WHERE name like ?
[DEBUG] [2021-05-14 10:18] ==> Parameters: %Java%(String)
[TRACE] [2021-05-14 10:18] <==    Columns: course_id, name, description, start_date, end_date, tutor_id
[TRACE] [2021-05-14 10:18] <==        Row: 1, Quickstart Core Java, Core Java Programming, 2013-03-01, 2013-04-15, 1
[TRACE] [2021-05-14 10:18] <==        Row: 2, Quickstart JavaEE6, Enterprise App Development using JavaEE6, 2013-04-01, 2013-08-30, 1
[DEBUG] [2021-05-14 10:18] <==      Total: 2
[DEBUG] [2021-05-14 10:18] test03SelectCoursesByCondition()
[DEBUG] [2021-05-14 10:18] ==>  Preparing: select course_id, name, description, start_date, end_date, tutor_id from courses WHERE start_date >= ?
[DEBUG] [2021-05-14 10:18] ==> Parameters: 2013-02-01 00:00:00.0(Timestamp)
[TRACE] [2021-05-14 10:18] <==    Columns: course_id, name, description, start_date, end_date, tutor_id
[TRACE] [2021-05-14 10:18] <==        Row: 1, Quickstart Core Java, Core Java Programming, 2013-03-01, 2013-04-15, 1
[TRACE] [2021-05-14 10:18] <==        Row: 2, Quickstart JavaEE6, Enterprise App Development using JavaEE6, 2013-04-01, 2013-08-30, 1
[TRACE] [2021-05-14 10:18] <==        Row: 3, MyBatis3 Premier, MyBatis 3 framework, 2013-06-01, 2013-07-15, 2
[DEBUG] [2021-05-14 10:18] <==      Total: 3
[DEBUG] [2021-05-14 10:18] test04SelectCaseCourses()
[DEBUG] [2021-05-14 10:18] ==>  Preparing: select course_id, name, description, start_date, end_date, tutor_id from courses where tutor_id=?
[DEBUG] [2021-05-14 10:18] ==> Parameters: 1(Integer)
[TRACE] [2021-05-14 10:18] <==    Columns: course_id, name, description, start_date, end_date, tutor_id
[TRACE] [2021-05-14 10:18] <==        Row: 1, Quickstart Core Java, Core Java Programming, 2013-03-01, 2013-04-15, 1
[TRACE] [2021-05-14 10:18] <==        Row: 2, Quickstart JavaEE6, Enterprise App Development using JavaEE6, 2013-04-01, 2013-08-30, 1
[DEBUG] [2021-05-14 10:18] <==      Total: 2
[DEBUG] [2021-05-14 10:18] ==>  Preparing: select course_id, name, description, start_date, end_date, tutor_id from courses where name like ?
[DEBUG] [2021-05-14 10:18] ==> Parameters: %Java%(String)
[TRACE] [2021-05-14 10:18] <==    Columns: course_id, name, description, start_date, end_date, tutor_id
[TRACE] [2021-05-14 10:18] <==        Row: 1, Quickstart Core Java, Core Java Programming, 2013-03-01, 2013-04-15, 1
[TRACE] [2021-05-14 10:18] <==        Row: 2, Quickstart JavaEE6, Enterprise App Development using JavaEE6, 2013-04-01, 2013-08-30, 1
[DEBUG] [2021-05-14 10:18] <==      Total: 2
[DEBUG] [2021-05-14 10:18] test05SelectWhereCourses()
[DEBUG] [2021-05-14 10:18] ==>  Preparing: select course_id, name, description, start_date, end_date, tutor_id from courses
[DEBUG] [2021-05-14 10:18] ==> Parameters: 
[TRACE] [2021-05-14 10:18] <==    Columns: course_id, name, description, start_date, end_date, tutor_id
[TRACE] [2021-05-14 10:18] <==        Row: 1, Quickstart Core Java, Core Java Programming, 2013-03-01, 2013-04-15, 1
[TRACE] [2021-05-14 10:18] <==        Row: 2, Quickstart JavaEE6, Enterprise App Development using JavaEE6, 2013-04-01, 2013-08-30, 1
[TRACE] [2021-05-14 10:18] <==        Row: 3, MyBatis3 Premier, MyBatis 3 framework, 2013-06-01, 2013-07-15, 2
[DEBUG] [2021-05-14 10:18] <==      Total: 3
[DEBUG] [2021-05-14 10:18] ==>  Preparing: select course_id, name, description, start_date, end_date, tutor_id from courses WHERE tutor_id = ?
[DEBUG] [2021-05-14 10:18] ==> Parameters: 1(Integer)
[TRACE] [2021-05-14 10:18] <==    Columns: course_id, name, description, start_date, end_date, tutor_id
[TRACE] [2021-05-14 10:18] <==        Row: 1, Quickstart Core Java, Core Java Programming, 2013-03-01, 2013-04-15, 1
[TRACE] [2021-05-14 10:18] <==        Row: 2, Quickstart JavaEE6, Enterprise App Development using JavaEE6, 2013-04-01, 2013-08-30, 1
[DEBUG] [2021-05-14 10:18] <==      Total: 2
[DEBUG] [2021-05-14 10:18] ==>  Preparing: select course_id, name, description, start_date, end_date, tutor_id from courses WHERE tutor_id = ? and name like ?
[DEBUG] [2021-05-14 10:18] ==> Parameters: 1(Integer), %Core%(String)
[TRACE] [2021-05-14 10:18] <==    Columns: course_id, name, description, start_date, end_date, tutor_id
[TRACE] [2021-05-14 10:18] <==        Row: 1, Quickstart Core Java, Core Java Programming, 2013-03-01, 2013-04-15, 1
[DEBUG] [2021-05-14 10:18] <==      Total: 1
[DEBUG] [2021-05-14 10:18] ==>  Preparing: select course_id, name, description, start_date, end_date, tutor_id from courses WHERE end_date <= ?
[DEBUG] [2021-05-14 10:18] ==> Parameters: 2021-05-14 10:18:32.756(Timestamp)
[TRACE] [2021-05-14 10:18] <==    Columns: course_id, name, description, start_date, end_date, tutor_id
[TRACE] [2021-05-14 10:18] <==        Row: 1, Quickstart Core Java, Core Java Programming, 2013-03-01, 2013-04-15, 1
[TRACE] [2021-05-14 10:18] <==        Row: 2, Quickstart JavaEE6, Enterprise App Development using JavaEE6, 2013-04-01, 2013-08-30, 1
[TRACE] [2021-05-14 10:18] <==        Row: 3, MyBatis3 Premier, MyBatis 3 framework, 2013-06-01, 2013-07-15, 2
[DEBUG] [2021-05-14 10:18] <==      Total: 3
[DEBUG] [2021-05-14 10:18] test06SelectTrimCourses()
[DEBUG] [2021-05-14 10:18] ==>  Preparing: select course_id, name, description, start_date, end_date, tutor_id from courses
[DEBUG] [2021-05-14 10:18] ==> Parameters: 
[TRACE] [2021-05-14 10:18] <==    Columns: course_id, name, description, start_date, end_date, tutor_id
[TRACE] [2021-05-14 10:18] <==        Row: 1, Quickstart Core Java, Core Java Programming, 2013-03-01, 2013-04-15, 1
[TRACE] [2021-05-14 10:18] <==        Row: 2, Quickstart JavaEE6, Enterprise App Development using JavaEE6, 2013-04-01, 2013-08-30, 1
[TRACE] [2021-05-14 10:18] <==        Row: 3, MyBatis3 Premier, MyBatis 3 framework, 2013-06-01, 2013-07-15, 2
[DEBUG] [2021-05-14 10:18] <==      Total: 3
[DEBUG] [2021-05-14 10:18] ==>  Preparing: select course_id, name, description, start_date, end_date, tutor_id from courses WHERE tutor_id=?
[DEBUG] [2021-05-14 10:18] ==> Parameters: 1(Integer)
[TRACE] [2021-05-14 10:18] <==    Columns: course_id, name, description, start_date, end_date, tutor_id
[TRACE] [2021-05-14 10:18] <==        Row: 1, Quickstart Core Java, Core Java Programming, 2013-03-01, 2013-04-15, 1
[TRACE] [2021-05-14 10:18] <==        Row: 2, Quickstart JavaEE6, Enterprise App Development using JavaEE6, 2013-04-01, 2013-08-30, 1
[DEBUG] [2021-05-14 10:18] <==      Total: 2
[DEBUG] [2021-05-14 10:18] ==>  Preparing: select course_id, name, description, start_date, end_date, tutor_id from courses WHERE name like ?
[DEBUG] [2021-05-14 10:18] ==> Parameters: %java%(String)
[TRACE] [2021-05-14 10:18] <==    Columns: course_id, name, description, start_date, end_date, tutor_id
[TRACE] [2021-05-14 10:18] <==        Row: 1, Quickstart Core Java, Core Java Programming, 2013-03-01, 2013-04-15, 1
[TRACE] [2021-05-14 10:18] <==        Row: 2, Quickstart JavaEE6, Enterprise App Development using JavaEE6, 2013-04-01, 2013-08-30, 1
[DEBUG] [2021-05-14 10:18] <==      Total: 2
[DEBUG] [2021-05-14 10:18] ==>  Preparing: select course_id, name, description, start_date, end_date, tutor_id from courses WHERE tutor_id=?
[DEBUG] [2021-05-14 10:18] ==> Parameters: 1(Integer)
[TRACE] [2021-05-14 10:18] <==    Columns: course_id, name, description, start_date, end_date, tutor_id
[TRACE] [2021-05-14 10:18] <==        Row: 1, Quickstart Core Java, Core Java Programming, 2013-03-01, 2013-04-15, 1
[TRACE] [2021-05-14 10:18] <==        Row: 2, Quickstart JavaEE6, Enterprise App Development using JavaEE6, 2013-04-01, 2013-08-30, 1
[DEBUG] [2021-05-14 10:18] <==      Total: 2
[DEBUG] [2021-05-14 10:18] test07SelectCoursesForeachByTutors()
[DEBUG] [2021-05-14 10:18] ==>  Preparing: select course_id, name, description, start_date, end_date, tutor_id from courses WHERE tutor_id IN ( ? , ? )
[DEBUG] [2021-05-14 10:18] ==> Parameters: 1(Integer), 2(Integer)
[TRACE] [2021-05-14 10:18] <==    Columns: course_id, name, description, start_date, end_date, tutor_id
[TRACE] [2021-05-14 10:18] <==        Row: 1, Quickstart Core Java, Core Java Programming, 2013-03-01, 2013-04-15, 1
[TRACE] [2021-05-14 10:18] <==        Row: 2, Quickstart JavaEE6, Enterprise App Development using JavaEE6, 2013-04-01, 2013-08-30, 1
[TRACE] [2021-05-14 10:18] <==        Row: 3, MyBatis3 Premier, MyBatis 3 framework, 2013-06-01, 2013-07-15, 2
[DEBUG] [2021-05-14 10:18] <==      Total: 3
[DEBUG] [2021-05-14 10:18] ==>  Preparing: insert into courses(course_id, name, description, start_date, end_date, tutor_id) values (?, ?, ?, ?, ?, ?) , (?, ?, ?, ?, ?, ?) , (?, ?, ?, ?, ?, ?)
[DEBUG] [2021-05-14 10:18] ==> Parameters: 4(Integer), mysql(String), database(String), 2021-05-14 10:18:32.78(Timestamp), 2021-05-14 10:18:32.78(Timestamp), 3(Integer), 5(Integer), mssql(String), database(String), 2021-05-14 10:18:32.78(Timestamp), 2021-05-14 10:18:32.78(Timestamp), 3(Integer), 6(Integer), mariaDB(String), database(String), 2021-05-14 10:18:32.78(Timestamp), 2021-05-14 10:18:32.78(Timestamp), 4(Integer)
[DEBUG] [2021-05-14 10:18] <==    Updates: 3
[DEBUG] [2021-05-14 10:18] ==>  Preparing: delete from courses WHERE course_id IN ( ? , ? , ? )
[DEBUG] [2021-05-14 10:18] ==> Parameters: 4(Integer), 5(Integer), 6(Integer)
[DEBUG] [2021-05-14 10:18] <==    Updates: 3
[DEBUG] [2021-05-14 10:18] test10updateSetCourse()
[DEBUG] [2021-05-14 10:18] ==>  Preparing: update courses SET name=? where course_Id = ?
[DEBUG] [2021-05-14 10:18] ==> Parameters: 파이썬(String), 1(Integer)
[DEBUG] [2021-05-14 10:18] <==    Updates: 1
[DEBUG] [2021-05-14 10:18] ==>  Preparing: update courses SET name=? where course_Id = ?
[DEBUG] [2021-05-14 10:18] ==> Parameters: Quickstart Core Java(String), 1(Integer)
[DEBUG] [2021-05-14 10:18] <==    Updates: 1
[DEBUG] [2021-05-14 10:18] ==>  Preparing: insert into courses(course_id, name, description, start_date, end_date, tutor_id) values (?, ?,?,?,?,?)
[DEBUG] [2021-05-14 10:18] ==> Parameters: 7(Integer), oracle(String), database(String), 2021-05-14 10:18:32.804(Timestamp), 2021-05-14 10:18:32.804(Timestamp), 4(Integer)
[DEBUG] [2021-05-14 10:18] <==    Updates: 1
[DEBUG] [2021-05-14 10:18] ==>  Preparing: select course_id, name, description, start_date, end_date, tutor_id from courses WHERE tutor_id = ?
[DEBUG] [2021-05-14 10:18] ==> Parameters: 4(Integer)
[TRACE] [2021-05-14 10:18] <==    Columns: course_id, name, description, start_date, end_date, tutor_id
[TRACE] [2021-05-14 10:18] <==        Row: 7, oracle, database, 2021-05-14, 2021-05-14, 4
[DEBUG] [2021-05-14 10:18] <==      Total: 1
[DEBUG] [2021-05-14 10:18] ==>  Preparing: delete from courses where course_id=?
[DEBUG] [2021-05-14 10:18] ==> Parameters: 7(Integer)
[DEBUG] [2021-05-14 10:18] <==    Updates: 1
[DEBUG] [2021-05-14 10:23] test01SelectTutorByTutorId()
[DEBUG] [2021-05-14 10:23] ==>  Preparing: select t.tutor_id , t.name as tutor_name ,email , c.course_id , c.name , description , start_date , end_date from tutors t left outer join courses c on t.tutor_id=c.tutor_id where t.tutor_id=?;
[DEBUG] [2021-05-14 10:23] ==> Parameters: 1(Integer)
[TRACE] [2021-05-14 10:23] <==    Columns: tutor_id, tutor_name, email, course_id, name, description, start_date, end_date
[TRACE] [2021-05-14 10:23] <==        Row: 1, John, john@gmail.com, 1, Quickstart Core Java, Core Java Programming, 2013-03-01, 2013-04-15
[TRACE] [2021-05-14 10:23] <==        Row: 1, John, john@gmail.com, 2, Quickstart JavaEE6, Enterprise App Development using JavaEE6, 2013-04-01, 2013-08-30
[DEBUG] [2021-05-14 10:23] <==      Total: 2
[TRACE] [2021-05-14 10:23] 1 : John
[DEBUG] [2021-05-14 10:23] Tutor [1, John, john@gmail.com, null, [Course [1, Quickstart Core Java, Core Java Programming, Fri Mar 01 00:00:00 KST 2013, Mon Apr 15 00:00:00 KST 2013, 0], Course [2, Quickstart JavaEE6, Enterprise App Development using JavaEE6, Mon Apr 01 00:00:00 KST 2013, Fri Aug 30 00:00:00 KST 2013, 0]]]
[DEBUG] [2021-05-14 10:23] test02InsertTutorAndDeleteTutor()
[DEBUG] [2021-05-14 10:23] ==>  Preparing: Insert into tutors(tutor_id, name, email, phone, addr_id) values (?, ?, ?, ?, ?)
[DEBUG] [2021-05-14 10:23] ==> Parameters: 5(Integer), mskim(String), net94@naver.com(String), 010-2222-2222(String), 2(Integer)
[DEBUG] [2021-05-14 10:23] <==    Updates: 1
[DEBUG] [2021-05-14 10:23] ==>  Preparing: select t.tutor_id , t.name as tutor_name ,email , c.course_id , c.name , description , start_date , end_date from tutors t left outer join courses c on t.tutor_id=c.tutor_id where t.tutor_id=?;
[DEBUG] [2021-05-14 10:23] ==> Parameters: 5(Integer)
[TRACE] [2021-05-14 10:23] <==    Columns: tutor_id, tutor_name, email, course_id, name, description, start_date, end_date
[TRACE] [2021-05-14 10:23] <==        Row: 5, mskim, net94@naver.com, null, null, null, null, null
[DEBUG] [2021-05-14 10:23] <==      Total: 1
[DEBUG] [2021-05-14 10:23] Tutor [5, mskim, net94@naver.com, null, []]
[DEBUG] [2021-05-14 10:23] ==>  Preparing: delete from tutors where tutor_id=?
[DEBUG] [2021-05-14 10:23] ==> Parameters: 5(Integer)
[DEBUG] [2021-05-14 10:23] <==    Updates: 1
[DEBUG] [2021-05-14 10:29] test01SelectTutorByTutorId()
[DEBUG] [2021-05-14 10:29] ==>  Preparing: select t.tutor_id , t.name as tutor_name ,email , c.course_id , c.name , description , start_date , end_date from tutors t left outer join courses c on t.tutor_id=c.tutor_id where t.tutor_id=?;
[DEBUG] [2021-05-14 10:29] ==> Parameters: 1(Integer)
[TRACE] [2021-05-14 10:29] <==    Columns: tutor_id, tutor_name, email, course_id, name, description, start_date, end_date
[TRACE] [2021-05-14 10:29] <==        Row: 1, John, john@gmail.com, 1, Quickstart Core Java, Core Java Programming, 2013-03-01, 2013-04-15
[TRACE] [2021-05-14 10:29] <==        Row: 1, John, john@gmail.com, 2, Quickstart JavaEE6, Enterprise App Development using JavaEE6, 2013-04-01, 2013-08-30
[DEBUG] [2021-05-14 10:29] <==      Total: 2
[TRACE] [2021-05-14 10:29] 1 : John
[DEBUG] [2021-05-14 10:29] Tutor [1, John, john@gmail.com, null, [Course [1, Quickstart Core Java, Core Java Programming, Fri Mar 01 00:00:00 KST 2013, Mon Apr 15 00:00:00 KST 2013, 0], Course [2, Quickstart JavaEE6, Enterprise App Development using JavaEE6, Mon Apr 01 00:00:00 KST 2013, Fri Aug 30 00:00:00 KST 2013, 0]]]
[DEBUG] [2021-05-14 10:29] test02InsertTutorAndDeleteTutor()
[DEBUG] [2021-05-14 10:29] ==>  Preparing: Insert into tutors(tutor_id, name, email, phone, addr_id) values (?, ?, ?, ?, ?)
[DEBUG] [2021-05-14 10:29] ==> Parameters: 5(Integer), mskim(String), net94@naver.com(String), 010-2222-2222(String), 2(Integer)
[DEBUG] [2021-05-14 10:29] <==    Updates: 1
[DEBUG] [2021-05-14 10:29] ==>  Preparing: select t.tutor_id , t.name as tutor_name ,email , c.course_id , c.name , description , start_date , end_date from tutors t left outer join courses c on t.tutor_id=c.tutor_id where t.tutor_id=?;
[DEBUG] [2021-05-14 10:29] ==> Parameters: 5(Integer)
[TRACE] [2021-05-14 10:29] <==    Columns: tutor_id, tutor_name, email, course_id, name, description, start_date, end_date
[TRACE] [2021-05-14 10:29] <==        Row: 5, mskim, net94@naver.com, null, null, null, null, null
[DEBUG] [2021-05-14 10:29] <==      Total: 1
[DEBUG] [2021-05-14 10:29] Tutor [5, mskim, net94@naver.com, null, []]
[DEBUG] [2021-05-14 10:29] ==>  Preparing: delete from tutors where tutor_id=?
[DEBUG] [2021-05-14 10:29] ==> Parameters: 5(Integer)
[DEBUG] [2021-05-14 10:29] <==    Updates: 1
[DEBUG] [2021-05-14 10:51] test01SelectTutorByTutorId()
[DEBUG] [2021-05-14 10:51] ==>  Preparing: select t.tutor_id , t.name as tutor_name ,email , c.course_id , c.name , description , start_date , end_date from tutors t left outer join courses c on t.tutor_id=c.tutor_id where t.tutor_id=?;
[DEBUG] [2021-05-14 10:51] ==> Parameters: 1(Integer)
[TRACE] [2021-05-14 10:51] <==    Columns: tutor_id, tutor_name, email, course_id, name, description, start_date, end_date
[TRACE] [2021-05-14 10:51] <==        Row: 1, John, john@gmail.com, 1, Quickstart Core Java, Core Java Programming, 2013-03-01, 2013-04-15
[TRACE] [2021-05-14 10:51] <==        Row: 1, John, john@gmail.com, 2, Quickstart JavaEE6, Enterprise App Development using JavaEE6, 2013-04-01, 2013-08-30
[DEBUG] [2021-05-14 10:51] <==      Total: 2
[TRACE] [2021-05-14 10:51] 1 : John
[DEBUG] [2021-05-14 10:51] Tutor [1, John, john@gmail.com, null, [Course [1, Quickstart Core Java, Core Java Programming, Fri Mar 01 00:00:00 KST 2013, Mon Apr 15 00:00:00 KST 2013, 0], Course [2, Quickstart JavaEE6, Enterprise App Development using JavaEE6, Mon Apr 01 00:00:00 KST 2013, Fri Aug 30 00:00:00 KST 2013, 0]]]
[DEBUG] [2021-05-14 10:51] test03InsertTutors()
[DEBUG] [2021-05-14 10:51] ==>  Preparing: insert into tutors(tutor_id, name, email, phone, addr_id) values (?,?,?,?,?) , (?,?,?,?,?)
[DEBUG] [2021-05-14 10:51] ==> Parameters: 5(Integer), Kim(String), kymonk@naver.com(String), 010-6510-7277(String), null, 6(Integer), Lee(String), Lee@naver.com(String), 010-3151-7277(String), null
[DEBUG] [2021-05-14 10:51] <==    Updates: 2
[DEBUG] [2021-05-14 10:51] test02InsertTutorAndDeleteTutor()
[DEBUG] [2021-05-14 10:51] ==>  Preparing: Insert into tutors(tutor_id, name, email, phone, addr_id) values (?, ?, ?, ?, ?)
[DEBUG] [2021-05-14 10:51] ==> Parameters: 5(Integer), mskim(String), net94@naver.com(String), 010-2222-2222(String), 2(Integer)
[DEBUG] [2021-05-14 10:51] test01SelectTutorByTutorId()
[DEBUG] [2021-05-14 10:51] ==>  Preparing: select t.tutor_id , t.name as tutor_name ,email , c.course_id , c.name , description , start_date , end_date from tutors t left outer join courses c on t.tutor_id=c.tutor_id where t.tutor_id=?;
[DEBUG] [2021-05-14 10:51] ==> Parameters: 1(Integer)
[TRACE] [2021-05-14 10:51] <==    Columns: tutor_id, tutor_name, email, course_id, name, description, start_date, end_date
[TRACE] [2021-05-14 10:51] <==        Row: 1, John, john@gmail.com, 1, Quickstart Core Java, Core Java Programming, 2013-03-01, 2013-04-15
[TRACE] [2021-05-14 10:51] <==        Row: 1, John, john@gmail.com, 2, Quickstart JavaEE6, Enterprise App Development using JavaEE6, 2013-04-01, 2013-08-30
[DEBUG] [2021-05-14 10:51] <==      Total: 2
[TRACE] [2021-05-14 10:51] 1 : John
[DEBUG] [2021-05-14 10:51] Tutor [1, John, john@gmail.com, null, [Course [1, Quickstart Core Java, Core Java Programming, Fri Mar 01 00:00:00 KST 2013, Mon Apr 15 00:00:00 KST 2013, 0], Course [2, Quickstart JavaEE6, Enterprise App Development using JavaEE6, Mon Apr 01 00:00:00 KST 2013, Fri Aug 30 00:00:00 KST 2013, 0]]]
[DEBUG] [2021-05-14 10:51] test03InsertTutors()
[DEBUG] [2021-05-14 10:51] ==>  Preparing: insert into tutors(tutor_id, name, email, phone, addr_id) values (?,?,?,?,?) , (?,?,?,?,?)
[DEBUG] [2021-05-14 10:51] ==> Parameters: 6(Integer), Kim(String), kymonk@naver.com(String), 010-6510-7277(String), null, 7(Integer), Lee(String), Lee@naver.com(String), 010-3151-7277(String), null
[DEBUG] [2021-05-14 10:51] test02InsertTutorAndDeleteTutor()
[DEBUG] [2021-05-14 10:51] ==>  Preparing: Insert into tutors(tutor_id, name, email, phone, addr_id) values (?, ?, ?, ?, ?)
[DEBUG] [2021-05-14 10:51] ==> Parameters: 5(Integer), mskim(String), net94@naver.com(String), 010-2222-2222(String), 2(Integer)
[DEBUG] [2021-05-14 10:52] test01SelectTutorByTutorId()
[DEBUG] [2021-05-14 10:52] ==>  Preparing: select t.tutor_id , t.name as tutor_name ,email , c.course_id , c.name , description , start_date , end_date from tutors t left outer join courses c on t.tutor_id=c.tutor_id where t.tutor_id=?;
[DEBUG] [2021-05-14 10:52] ==> Parameters: 1(Integer)
[TRACE] [2021-05-14 10:52] <==    Columns: tutor_id, tutor_name, email, course_id, name, description, start_date, end_date
[TRACE] [2021-05-14 10:52] <==        Row: 1, John, john@gmail.com, 1, Quickstart Core Java, Core Java Programming, 2013-03-01, 2013-04-15
[TRACE] [2021-05-14 10:52] <==        Row: 1, John, john@gmail.com, 2, Quickstart JavaEE6, Enterprise App Development using JavaEE6, 2013-04-01, 2013-08-30
[DEBUG] [2021-05-14 10:52] <==      Total: 2
[TRACE] [2021-05-14 10:52] 1 : John
[DEBUG] [2021-05-14 10:52] Tutor [1, John, john@gmail.com, null, [Course [1, Quickstart Core Java, Core Java Programming, Fri Mar 01 00:00:00 KST 2013, Mon Apr 15 00:00:00 KST 2013, 0], Course [2, Quickstart JavaEE6, Enterprise App Development using JavaEE6, Mon Apr 01 00:00:00 KST 2013, Fri Aug 30 00:00:00 KST 2013, 0]]]
[DEBUG] [2021-05-14 10:52] test03InsertTutors()
[DEBUG] [2021-05-14 10:52] ==>  Preparing: insert into tutors(tutor_id, name, email, phone, addr_id) values (?,?,?,?,?) , (?,?,?,?,?)
[DEBUG] [2021-05-14 10:52] ==> Parameters: 6(Integer), Kim(String), kymonk@naver.com(String), 010-6510-7277(String), null, 7(Integer), Lee(String), Lee@naver.com(String), 010-3151-7277(String), null
[DEBUG] [2021-05-14 10:52] <==    Updates: 2
[DEBUG] [2021-05-14 10:52] test02InsertTutorAndDeleteTutor()
[DEBUG] [2021-05-14 10:52] ==>  Preparing: Insert into tutors(tutor_id, name, email, phone, addr_id) values (?, ?, ?, ?, ?)
[DEBUG] [2021-05-14 10:52] ==> Parameters: 5(Integer), mskim(String), net94@naver.com(String), 010-2222-2222(String), 2(Integer)
[DEBUG] [2021-05-14 10:52] <==    Updates: 1
[DEBUG] [2021-05-14 10:52] ==>  Preparing: select t.tutor_id , t.name as tutor_name ,email , c.course_id , c.name , description , start_date , end_date from tutors t left outer join courses c on t.tutor_id=c.tutor_id where t.tutor_id=?;
[DEBUG] [2021-05-14 10:52] ==> Parameters: 5(Integer)
[TRACE] [2021-05-14 10:52] <==    Columns: tutor_id, tutor_name, email, course_id, name, description, start_date, end_date
[TRACE] [2021-05-14 10:52] <==        Row: 5, mskim, net94@naver.com, null, null, null, null, null
[DEBUG] [2021-05-14 10:52] <==      Total: 1
[DEBUG] [2021-05-14 10:52] Tutor [5, mskim, net94@naver.com, null, []]
[DEBUG] [2021-05-14 10:52] ==>  Preparing: delete from tutors where tutor_id=?
[DEBUG] [2021-05-14 10:52] ==> Parameters: 5(Integer)
[DEBUG] [2021-05-14 10:52] <==    Updates: 1
[DEBUG] [2021-05-14 10:53] test01SelectTutorByTutorId()
[DEBUG] [2021-05-14 10:53] ==>  Preparing: select t.tutor_id , t.name as tutor_name ,email , c.course_id , c.name , description , start_date , end_date from tutors t left outer join courses c on t.tutor_id=c.tutor_id where t.tutor_id=?;
[DEBUG] [2021-05-14 10:53] ==> Parameters: 1(Integer)
[TRACE] [2021-05-14 10:53] <==    Columns: tutor_id, tutor_name, email, course_id, name, description, start_date, end_date
[TRACE] [2021-05-14 10:53] <==        Row: 1, John, john@gmail.com, 1, Quickstart Core Java, Core Java Programming, 2013-03-01, 2013-04-15
[TRACE] [2021-05-14 10:53] <==        Row: 1, John, john@gmail.com, 2, Quickstart JavaEE6, Enterprise App Development using JavaEE6, 2013-04-01, 2013-08-30
[DEBUG] [2021-05-14 10:53] <==      Total: 2
[TRACE] [2021-05-14 10:53] 1 : John
[DEBUG] [2021-05-14 10:53] Tutor [1, John, john@gmail.com, null, [Course [1, Quickstart Core Java, Core Java Programming, Fri Mar 01 00:00:00 KST 2013, Mon Apr 15 00:00:00 KST 2013, 0], Course [2, Quickstart JavaEE6, Enterprise App Development using JavaEE6, Mon Apr 01 00:00:00 KST 2013, Fri Aug 30 00:00:00 KST 2013, 0]]]
[DEBUG] [2021-05-14 10:53] test03InsertTutors()
[DEBUG] [2021-05-14 10:53] ==>  Preparing: insert into tutors(tutor_id, name, email, phone, addr_id) values (?,?,?,?,?) , (?,?,?,?,?)
[DEBUG] [2021-05-14 10:53] ==> Parameters: 6(Integer), Kim(String), kymonk@naver.com(String), 010-6510-7277(String), null, 7(Integer), Lee(String), Lee@naver.com(String), 010-3151-7277(String), null
[DEBUG] [2021-05-14 10:53] <==    Updates: 2
[DEBUG] [2021-05-14 10:53] test02InsertTutorAndDeleteTutor()
[DEBUG] [2021-05-14 10:53] ==>  Preparing: Insert into tutors(tutor_id, name, email, phone, addr_id) values (?, ?, ?, ?, ?)
[DEBUG] [2021-05-14 10:53] ==> Parameters: 5(Integer), mskim(String), net94@naver.com(String), 010-2222-2222(String), 2(Integer)
[DEBUG] [2021-05-14 10:53] <==    Updates: 1
[DEBUG] [2021-05-14 10:53] ==>  Preparing: select t.tutor_id , t.name as tutor_name ,email , c.course_id , c.name , description , start_date , end_date from tutors t left outer join courses c on t.tutor_id=c.tutor_id where t.tutor_id=?;
[DEBUG] [2021-05-14 10:53] ==> Parameters: 5(Integer)
[TRACE] [2021-05-14 10:53] <==    Columns: tutor_id, tutor_name, email, course_id, name, description, start_date, end_date
[TRACE] [2021-05-14 10:53] <==        Row: 5, mskim, net94@naver.com, null, null, null, null, null
[DEBUG] [2021-05-14 10:53] <==      Total: 1
[DEBUG] [2021-05-14 10:53] Tutor [5, mskim, net94@naver.com, null, []]
[DEBUG] [2021-05-14 10:53] ==>  Preparing: delete from tutors where tutor_id=?
[DEBUG] [2021-05-14 10:53] ==> Parameters: 5(Integer)
[DEBUG] [2021-05-14 10:53] <==    Updates: 1
[DEBUG] [2021-05-14 10:54] test01SelectTutorByTutorId()
[DEBUG] [2021-05-14 10:54] ==>  Preparing: select t.tutor_id , t.name as tutor_name ,email , c.course_id , c.name , description , start_date , end_date from tutors t left outer join courses c on t.tutor_id=c.tutor_id where t.tutor_id=?;
[DEBUG] [2021-05-14 10:54] ==> Parameters: 1(Integer)
[TRACE] [2021-05-14 10:54] <==    Columns: tutor_id, tutor_name, email, course_id, name, description, start_date, end_date
[TRACE] [2021-05-14 10:54] <==        Row: 1, John, john@gmail.com, 1, Quickstart Core Java, Core Java Programming, 2013-03-01, 2013-04-15
[TRACE] [2021-05-14 10:54] <==        Row: 1, John, john@gmail.com, 2, Quickstart JavaEE6, Enterprise App Development using JavaEE6, 2013-04-01, 2013-08-30
[DEBUG] [2021-05-14 10:54] <==      Total: 2
[TRACE] [2021-05-14 10:54] 1 : John
[DEBUG] [2021-05-14 10:54] Tutor [1, John, john@gmail.com, null, [Course [1, Quickstart Core Java, Core Java Programming, Fri Mar 01 00:00:00 KST 2013, Mon Apr 15 00:00:00 KST 2013, 0], Course [2, Quickstart JavaEE6, Enterprise App Development using JavaEE6, Mon Apr 01 00:00:00 KST 2013, Fri Aug 30 00:00:00 KST 2013, 0]]]
[DEBUG] [2021-05-14 10:54] test03InsertTutors()
[DEBUG] [2021-05-14 10:54] ==>  Preparing: insert into tutors(tutor_id, name, email, phone, addr_id) values (?,?,?,?,?) , (?,?,?,?,?)
[DEBUG] [2021-05-14 10:54] ==> Parameters: 6(Integer), Kim(String), kymonk@naver.com(String), 010-6510-7277(String), null, 7(Integer), Lee(String), Lee@naver.com(String), 010-3151-7277(String), null
[DEBUG] [2021-05-14 10:54] <==    Updates: 2
[DEBUG] [2021-05-14 10:54] test02InsertTutorAndDeleteTutor()
[DEBUG] [2021-05-14 10:54] ==>  Preparing: Insert into tutors(tutor_id, name, email, phone, addr_id) values (?, ?, ?, ?, ?)
[DEBUG] [2021-05-14 10:54] ==> Parameters: 5(Integer), mskim(String), net94@naver.com(String), 010-2222-2222(String), 2(Integer)
[DEBUG] [2021-05-14 10:54] <==    Updates: 1
[DEBUG] [2021-05-14 10:54] ==>  Preparing: select t.tutor_id , t.name as tutor_name ,email , c.course_id , c.name , description , start_date , end_date from tutors t left outer join courses c on t.tutor_id=c.tutor_id where t.tutor_id=?;
[DEBUG] [2021-05-14 10:54] ==> Parameters: 5(Integer)
[TRACE] [2021-05-14 10:54] <==    Columns: tutor_id, tutor_name, email, course_id, name, description, start_date, end_date
[TRACE] [2021-05-14 10:54] <==        Row: 5, mskim, net94@naver.com, null, null, null, null, null
[DEBUG] [2021-05-14 10:54] <==      Total: 1
[DEBUG] [2021-05-14 10:54] Tutor [5, mskim, net94@naver.com, null, []]
[DEBUG] [2021-05-14 11:50] testTrJoinTutorAndCourse_FailCourse()
[DEBUG] [2021-05-14 11:50] ==>  Preparing: Insert into tutors(tutor_id, name, email, phone, addr_id) values (?, ?, ?, ?, ?)
[DEBUG] [2021-05-14 11:50] ==> Parameters: 5(Integer), mskim(String), net94@naver.com(String), 010-2222-2222(String), 2(Integer)
[DEBUG] [2021-05-14 11:50] <==    Updates: 1
[DEBUG] [2021-05-14 11:50] ==>  Preparing: insert into courses(course_id, name, description, start_date, end_date, tutor_id) values (?, ?,?,?,?,?)
[DEBUG] [2021-05-14 11:50] ==> Parameters: 2(Integer), Python(String), Programming(String), 2021-05-14 11:50:18.783(Timestamp), 2021-05-14 11:50:18.783(Timestamp), 100(Integer)
[DEBUG] [2021-05-14 11:50] testTrJoinTutorAndCourse_FailTutor()
[DEBUG] [2021-05-14 11:50] ==>  Preparing: Insert into tutors(tutor_id, name, email, phone, addr_id) values (?, ?, ?, ?, ?)
[DEBUG] [2021-05-14 11:50] ==> Parameters: 1(Integer), mskim(String), net94@naver.com(String), 010-2222-2222(String), 2(Integer)
[DEBUG] [2021-05-14 11:50] testTrJoinTutorAndCourse_Success()
[DEBUG] [2021-05-14 11:50] ==>  Preparing: Insert into tutors(tutor_id, name, email, phone, addr_id) values (?, ?, ?, ?, ?)
[DEBUG] [2021-05-14 11:50] ==> Parameters: 5(Integer), mskim(String), net94@naver.com(String), 010-2222-2222(String), 2(Integer)
[DEBUG] [2021-05-14 11:52] testTrJoinTutorAndCourse_FailCourse()
[DEBUG] [2021-05-14 11:52] ==>  Preparing: Insert into tutors(tutor_id, name, email, phone, addr_id) values (?, ?, ?, ?, ?)
[DEBUG] [2021-05-14 11:52] ==> Parameters: 5(Integer), mskim(String), net94@naver.com(String), 010-2222-2222(String), 2(Integer)
[DEBUG] [2021-05-14 11:52] testTrJoinTutorAndCourse_FailTutor()
[DEBUG] [2021-05-14 11:52] ==>  Preparing: Insert into tutors(tutor_id, name, email, phone, addr_id) values (?, ?, ?, ?, ?)
[DEBUG] [2021-05-14 11:52] ==> Parameters: 1(Integer), mskim(String), net94@naver.com(String), 010-2222-2222(String), 2(Integer)
[DEBUG] [2021-05-14 11:52] testTrJoinTutorAndCourse_Success()
[DEBUG] [2021-05-14 11:52] ==>  Preparing: Insert into tutors(tutor_id, name, email, phone, addr_id) values (?, ?, ?, ?, ?)
[DEBUG] [2021-05-14 11:52] ==> Parameters: 5(Integer), mskim(String), net94@naver.com(String), 010-2222-2222(String), 2(Integer)
[DEBUG] [2021-05-14 11:52] testTrRemoveTutorAndCourse_FailCourse()
[DEBUG] [2021-05-14 11:52] ==>  Preparing: delete from courses where course_id=?
[DEBUG] [2021-05-14 11:52] ==> Parameters: 10(Integer)
[DEBUG] [2021-05-14 11:52] <==    Updates: 0
[DEBUG] [2021-05-14 11:52] ==>  Preparing: delete from tutors where tutor_id=?
[DEBUG] [2021-05-14 11:52] ==> Parameters: 5(Integer)
[DEBUG] [2021-05-14 11:52] <==    Updates: 1
[DEBUG] [2021-05-14 11:52] testTrRemoveTutorAndCourse_FailTutor()
[DEBUG] [2021-05-14 11:52] ==>  Preparing: delete from courses where course_id=?
[DEBUG] [2021-05-14 11:52] ==> Parameters: 8(Integer)
[DEBUG] [2021-05-14 11:52] <==    Updates: 0
[DEBUG] [2021-05-14 11:52] ==>  Preparing: delete from tutors where tutor_id=?
[DEBUG] [2021-05-14 11:52] ==> Parameters: 10(Integer)
[DEBUG] [2021-05-14 11:52] <==    Updates: 0
[DEBUG] [2021-05-14 11:52] testTrRemoveTutorAndCourse_Success()
[DEBUG] [2021-05-14 11:52] ==>  Preparing: delete from courses where course_id=?
[DEBUG] [2021-05-14 11:52] ==> Parameters: 8(Integer)
[DEBUG] [2021-05-14 11:52] <==    Updates: 0
[DEBUG] [2021-05-14 11:52] ==>  Preparing: delete from tutors where tutor_id=?
[DEBUG] [2021-05-14 11:52] ==> Parameters: 5(Integer)
[DEBUG] [2021-05-14 11:52] <==    Updates: 0
[DEBUG] [2021-05-14 12:03] testTrJoinTutorAndCourse_FailCourse()
[DEBUG] [2021-05-14 12:03] ==>  Preparing: Insert into tutors(tutor_id, name, email, phone, addr_id) values (?, ?, ?, ?, ?)
[DEBUG] [2021-05-14 12:03] ==> Parameters: 5(Integer), mskim(String), net94@naver.com(String), 010-2222-2222(String), 2(Integer)
[DEBUG] [2021-05-14 12:03] <==    Updates: 1
[DEBUG] [2021-05-14 12:03] ==>  Preparing: insert into courses(course_id, name, description, start_date, end_date, tutor_id) values (?, ?,?,?,?,?)
[DEBUG] [2021-05-14 12:03] ==> Parameters: 2(Integer), Python(String), Programming(String), 2021-05-14 12:03:56.079(Timestamp), 2021-05-14 12:03:56.079(Timestamp), 100(Integer)
[DEBUG] [2021-05-14 12:03] testTrJoinTutorAndCourse_FailTutor()
[DEBUG] [2021-05-14 12:03] ==>  Preparing: Insert into tutors(tutor_id, name, email, phone, addr_id) values (?, ?, ?, ?, ?)
[DEBUG] [2021-05-14 12:03] ==> Parameters: 1(Integer), mskim(String), net94@naver.com(String), 010-2222-2222(String), 2(Integer)
[DEBUG] [2021-05-14 12:03] testTrJoinTutorAndCourse_Success()
[DEBUG] [2021-05-14 12:03] ==>  Preparing: Insert into tutors(tutor_id, name, email, phone, addr_id) values (?, ?, ?, ?, ?)
[DEBUG] [2021-05-14 12:03] ==> Parameters: 5(Integer), mskim(String), net94@naver.com(String), 010-2222-2222(String), 2(Integer)
[DEBUG] [2021-05-14 12:10] testTrJoinTutorAndCourse_FailCourse()
[DEBUG] [2021-05-14 12:10] ==>  Preparing: Insert into tutors(tutor_id, name, email, phone, addr_id) values (?, ?, ?, ?, ?)
[DEBUG] [2021-05-14 12:10] ==> Parameters: 5(Integer), mskim(String), net94@naver.com(String), 010-2222-2222(String), 2(Integer)
[DEBUG] [2021-05-14 12:10] testTrJoinTutorAndCourse_FailTutor()
[DEBUG] [2021-05-14 12:10] ==>  Preparing: Insert into tutors(tutor_id, name, email, phone, addr_id) values (?, ?, ?, ?, ?)
[DEBUG] [2021-05-14 12:10] ==> Parameters: 1(Integer), mskim(String), net94@naver.com(String), 010-2222-2222(String), 2(Integer)
[DEBUG] [2021-05-14 12:10] testTrJoinTutorAndCourse_Success()
[DEBUG] [2021-05-14 12:10] ==>  Preparing: Insert into tutors(tutor_id, name, email, phone, addr_id) values (?, ?, ?, ?, ?)
[DEBUG] [2021-05-14 12:10] ==> Parameters: 5(Integer), mskim(String), net94@naver.com(String), 010-2222-2222(String), 2(Integer)
[DEBUG] [2021-05-14 12:10] testTrJoinTutorAndCourse_FailCourse()
[DEBUG] [2021-05-14 12:10] ==>  Preparing: Insert into tutors(tutor_id, name, email, phone, addr_id) values (?, ?, ?, ?, ?)
[DEBUG] [2021-05-14 12:10] ==> Parameters: 5(Integer), mskim(String), net94@naver.com(String), 010-2222-2222(String), 2(Integer)
[DEBUG] [2021-05-14 12:10] testTrJoinTutorAndCourse_FailTutor()
[DEBUG] [2021-05-14 12:10] ==>  Preparing: Insert into tutors(tutor_id, name, email, phone, addr_id) values (?, ?, ?, ?, ?)
[DEBUG] [2021-05-14 12:10] ==> Parameters: 1(Integer), mskim(String), net94@naver.com(String), 010-2222-2222(String), 2(Integer)
[DEBUG] [2021-05-14 12:10] testTrJoinTutorAndCourse_Success()
[DEBUG] [2021-05-14 12:10] ==>  Preparing: Insert into tutors(tutor_id, name, email, phone, addr_id) values (?, ?, ?, ?, ?)
[DEBUG] [2021-05-14 12:10] ==> Parameters: 5(Integer), mskim(String), net94@naver.com(String), 010-2222-2222(String), 2(Integer)
[DEBUG] [2021-05-14 12:11] testTrJoinTutorAndCourse_FailCourse()
[DEBUG] [2021-05-14 12:11] ==>  Preparing: Insert into tutors(tutor_id, name, email, phone, addr_id) values (?, ?, ?, ?, ?)
[DEBUG] [2021-05-14 12:11] ==> Parameters: 5(Integer), mskim(String), net94@naver.com(String), 010-2222-2222(String), 2(Integer)
[DEBUG] [2021-05-14 12:11] testTrJoinTutorAndCourse_FailTutor()
[DEBUG] [2021-05-14 12:11] ==>  Preparing: Insert into tutors(tutor_id, name, email, phone, addr_id) values (?, ?, ?, ?, ?)
[DEBUG] [2021-05-14 12:11] ==> Parameters: 1(Integer), mskim(String), net94@naver.com(String), 010-2222-2222(String), 2(Integer)
[DEBUG] [2021-05-14 12:11] testTrJoinTutorAndCourse_Success()
[DEBUG] [2021-05-14 12:11] ==>  Preparing: Insert into tutors(tutor_id, name, email, phone, addr_id) values (?, ?, ?, ?, ?)
[DEBUG] [2021-05-14 12:11] ==> Parameters: 5(Integer), mskim(String), net94@naver.com(String), 010-2222-2222(String), 2(Integer)
[DEBUG] [2021-05-14 12:11] testTrJoinTutorAndCourse_FailCourse()
[DEBUG] [2021-05-14 12:11] ==>  Preparing: Insert into tutors(tutor_id, name, email, phone, addr_id) values (?, ?, ?, ?, ?)
[DEBUG] [2021-05-14 12:11] ==> Parameters: 5(Integer), mskim(String), net94@naver.com(String), 010-2222-2222(String), 2(Integer)
[DEBUG] [2021-05-14 12:11] testTrJoinTutorAndCourse_FailTutor()
[DEBUG] [2021-05-14 12:11] ==>  Preparing: Insert into tutors(tutor_id, name, email, phone, addr_id) values (?, ?, ?, ?, ?)
[DEBUG] [2021-05-14 12:11] ==> Parameters: 1(Integer), mskim(String), net94@naver.com(String), 010-2222-2222(String), 2(Integer)
[DEBUG] [2021-05-14 12:11] testTrJoinTutorAndCourse_Success()
[DEBUG] [2021-05-14 12:11] ==>  Preparing: Insert into tutors(tutor_id, name, email, phone, addr_id) values (?, ?, ?, ?, ?)
[DEBUG] [2021-05-14 12:11] ==> Parameters: 5(Integer), mskim(String), net94@naver.com(String), 010-2222-2222(String), 2(Integer)
[DEBUG] [2021-05-14 12:11] testTrJoinTutorAndCourse_FailCourse()
[DEBUG] [2021-05-14 12:11] ==>  Preparing: Insert into tutors(tutor_id, name, email, phone, addr_id) values (?, ?, ?, ?, ?)
[DEBUG] [2021-05-14 12:11] ==> Parameters: 5(Integer), mskim(String), net94@naver.com(String), 010-2222-2222(String), 2(Integer)
[DEBUG] [2021-05-14 12:11] <==    Updates: 1
[DEBUG] [2021-05-14 12:11] ==>  Preparing: insert into courses(course_id, name, description, start_date, end_date, tutor_id) values (?, ?,?,?,?,?)
[DEBUG] [2021-05-14 12:11] ==> Parameters: 2(Integer), Python(String), Programming(String), 2021-05-14 12:11:53.292(Timestamp), 2021-05-14 12:11:53.292(Timestamp), 100(Integer)
[DEBUG] [2021-05-14 12:11] testTrJoinTutorAndCourse_FailTutor()
[DEBUG] [2021-05-14 12:11] ==>  Preparing: Insert into tutors(tutor_id, name, email, phone, addr_id) values (?, ?, ?, ?, ?)
[DEBUG] [2021-05-14 12:11] ==> Parameters: 1(Integer), mskim(String), net94@naver.com(String), 010-2222-2222(String), 2(Integer)
[DEBUG] [2021-05-14 12:11] testTrJoinTutorAndCourse_Success()
[DEBUG] [2021-05-14 12:11] ==>  Preparing: Insert into tutors(tutor_id, name, email, phone, addr_id) values (?, ?, ?, ?, ?)
[DEBUG] [2021-05-14 12:11] ==> Parameters: 5(Integer), mskim(String), net94@naver.com(String), 010-2222-2222(String), 2(Integer)
[DEBUG] [2021-05-14 12:11] <==    Updates: 1
[DEBUG] [2021-05-14 12:11] ==>  Preparing: insert into courses(course_id, name, description, start_date, end_date, tutor_id) values (?, ?,?,?,?,?)
[DEBUG] [2021-05-14 12:11] ==> Parameters: 8(Integer), Python(String), Programming(String), 2021-05-14 12:11:53.476(Timestamp), 2021-05-14 12:11:53.476(Timestamp), 5(Integer)
[DEBUG] [2021-05-14 12:11] <==    Updates: 1
[DEBUG] [2021-05-14 12:12] testTrJoinTutorAndCourse_FailCourse()
[DEBUG] [2021-05-14 12:12] ==>  Preparing: Insert into tutors(tutor_id, name, email, phone, addr_id) values (?, ?, ?, ?, ?)
[DEBUG] [2021-05-14 12:12] ==> Parameters: 5(Integer), mskim(String), net94@naver.com(String), 010-2222-2222(String), 2(Integer)
[DEBUG] [2021-05-14 12:12] testTrJoinTutorAndCourse_FailTutor()
[DEBUG] [2021-05-14 12:12] ==>  Preparing: Insert into tutors(tutor_id, name, email, phone, addr_id) values (?, ?, ?, ?, ?)
[DEBUG] [2021-05-14 12:12] ==> Parameters: 1(Integer), mskim(String), net94@naver.com(String), 010-2222-2222(String), 2(Integer)
[DEBUG] [2021-05-14 12:12] testTrJoinTutorAndCourse_Success()
[DEBUG] [2021-05-14 12:12] ==>  Preparing: Insert into tutors(tutor_id, name, email, phone, addr_id) values (?, ?, ?, ?, ?)
[DEBUG] [2021-05-14 12:12] ==> Parameters: 5(Integer), mskim(String), net94@naver.com(String), 010-2222-2222(String), 2(Integer)
[DEBUG] [2021-05-14 12:12] testTrRemoveTutorAndCourse_FailCourse()
[DEBUG] [2021-05-14 12:12] ==>  Preparing: delete from courses where course_id=?
[DEBUG] [2021-05-14 12:12] ==> Parameters: 10(Integer)
[DEBUG] [2021-05-14 12:12] <==    Updates: 0
[DEBUG] [2021-05-14 12:12] ==>  Preparing: delete from tutors where tutor_id=?
[DEBUG] [2021-05-14 12:12] ==> Parameters: 5(Integer)
[DEBUG] [2021-05-14 12:12] testTrRemoveTutorAndCourse_FailTutor()
[DEBUG] [2021-05-14 12:12] ==>  Preparing: delete from courses where course_id=?
[DEBUG] [2021-05-14 12:12] ==> Parameters: 8(Integer)
[DEBUG] [2021-05-14 12:12] <==    Updates: 1
[DEBUG] [2021-05-14 12:12] ==>  Preparing: delete from tutors where tutor_id=?
[DEBUG] [2021-05-14 12:12] ==> Parameters: 10(Integer)
[DEBUG] [2021-05-14 12:12] <==    Updates: 0
[DEBUG] [2021-05-14 12:12] testTrRemoveTutorAndCourse_Success()
[DEBUG] [2021-05-14 12:12] ==>  Preparing: delete from courses where course_id=?
[DEBUG] [2021-05-14 12:12] ==> Parameters: 8(Integer)
[DEBUG] [2021-05-14 12:12] <==    Updates: 1
[DEBUG] [2021-05-14 12:12] ==>  Preparing: delete from tutors where tutor_id=?
[DEBUG] [2021-05-14 12:12] ==> Parameters: 5(Integer)
[DEBUG] [2021-05-14 12:12] <==    Updates: 1
[DEBUG] [2021-05-14 12:12] testTrJoinTutorAndCourse_FailCourse()
[DEBUG] [2021-05-14 12:12] ==>  Preparing: Insert into tutors(tutor_id, name, email, phone, addr_id) values (?, ?, ?, ?, ?)
[DEBUG] [2021-05-14 12:12] ==> Parameters: 5(Integer), mskim(String), net94@naver.com(String), 010-2222-2222(String), 2(Integer)
[DEBUG] [2021-05-14 12:12] <==    Updates: 1
[DEBUG] [2021-05-14 12:12] ==>  Preparing: insert into courses(course_id, name, description, start_date, end_date, tutor_id) values (?, ?,?,?,?,?)
[DEBUG] [2021-05-14 12:12] ==> Parameters: 2(Integer), Python(String), Programming(String), 2021-05-14 12:12:17.371(Timestamp), 2021-05-14 12:12:17.371(Timestamp), 100(Integer)
[DEBUG] [2021-05-14 12:12] testTrJoinTutorAndCourse_FailTutor()
[DEBUG] [2021-05-14 12:12] ==>  Preparing: Insert into tutors(tutor_id, name, email, phone, addr_id) values (?, ?, ?, ?, ?)
[DEBUG] [2021-05-14 12:12] ==> Parameters: 1(Integer), mskim(String), net94@naver.com(String), 010-2222-2222(String), 2(Integer)
[DEBUG] [2021-05-14 12:12] testTrJoinTutorAndCourse_Success()
[DEBUG] [2021-05-14 12:12] ==>  Preparing: Insert into tutors(tutor_id, name, email, phone, addr_id) values (?, ?, ?, ?, ?)
[DEBUG] [2021-05-14 12:12] ==> Parameters: 5(Integer), mskim(String), net94@naver.com(String), 010-2222-2222(String), 2(Integer)
[DEBUG] [2021-05-14 12:12] <==    Updates: 1
[DEBUG] [2021-05-14 12:12] ==>  Preparing: insert into courses(course_id, name, description, start_date, end_date, tutor_id) values (?, ?,?,?,?,?)
[DEBUG] [2021-05-14 12:12] ==> Parameters: 8(Integer), Python(String), Programming(String), 2021-05-14 12:12:17.558(Timestamp), 2021-05-14 12:12:17.558(Timestamp), 5(Integer)
[DEBUG] [2021-05-14 12:12] <==    Updates: 1
[DEBUG] [2021-05-14 12:12] testTrRemoveTutorAndCourse_FailCourse()
[DEBUG] [2021-05-14 12:12] ==>  Preparing: delete from courses where course_id=?
[DEBUG] [2021-05-14 12:12] ==> Parameters: 10(Integer)
[DEBUG] [2021-05-14 12:12] <==    Updates: 0
[DEBUG] [2021-05-14 12:12] ==>  Preparing: delete from tutors where tutor_id=?
[DEBUG] [2021-05-14 12:12] ==> Parameters: 5(Integer)
[DEBUG] [2021-05-14 12:12] testTrRemoveTutorAndCourse_FailTutor()
[DEBUG] [2021-05-14 12:12] ==>  Preparing: delete from courses where course_id=?
[DEBUG] [2021-05-14 12:12] ==> Parameters: 8(Integer)
[DEBUG] [2021-05-14 12:12] <==    Updates: 1
[DEBUG] [2021-05-14 12:12] ==>  Preparing: delete from tutors where tutor_id=?
[DEBUG] [2021-05-14 12:12] ==> Parameters: 10(Integer)
[DEBUG] [2021-05-14 12:12] <==    Updates: 0
[DEBUG] [2021-05-14 12:12] testTrRemoveTutorAndCourse_Success()
[DEBUG] [2021-05-14 12:12] ==>  Preparing: delete from courses where course_id=?
[DEBUG] [2021-05-14 12:12] ==> Parameters: 8(Integer)
[DEBUG] [2021-05-14 12:12] <==    Updates: 1
[DEBUG] [2021-05-14 12:12] ==>  Preparing: delete from tutors where tutor_id=?
[DEBUG] [2021-05-14 12:12] ==> Parameters: 5(Integer)
[DEBUG] [2021-05-14 12:12] <==    Updates: 1
[DEBUG] [2021-05-14 12:20] test01TrJoinTutorAndCourse_FailTutor()
[DEBUG] [2021-05-14 12:20] ==>  Preparing: Insert into tutors(tutor_id, name, email, phone, addr_id) values (?, ?, ?, ?, ?)
[DEBUG] [2021-05-14 12:20] ==> Parameters: 1(Integer), mskim(String), net94@naver.com(String), 010-2222-2222(String), 2(Integer)
[DEBUG] [2021-05-14 12:20] test02TrJoinTutorAndCourse_FailCourse()
[DEBUG] [2021-05-14 12:20] ==>  Preparing: Insert into tutors(tutor_id, name, email, phone, addr_id) values (?, ?, ?, ?, ?)
[DEBUG] [2021-05-14 12:20] ==> Parameters: 5(Integer), mskim(String), net94@naver.com(String), 010-2222-2222(String), 2(Integer)
[DEBUG] [2021-05-14 12:20] <==    Updates: 1
[DEBUG] [2021-05-14 12:20] ==>  Preparing: insert into courses(course_id, name, description, start_date, end_date, tutor_id) values (?, ?,?,?,?,?)
[DEBUG] [2021-05-14 12:20] ==> Parameters: 2(Integer), Python(String), Programming(String), 2021-05-14 12:20:23.768(Timestamp), 2021-05-14 12:20:23.768(Timestamp), 100(Integer)
[DEBUG] [2021-05-14 12:20] test03TrJoinTutorAndCourse_Success()
[DEBUG] [2021-05-14 12:20] ==>  Preparing: Insert into tutors(tutor_id, name, email, phone, addr_id) values (?, ?, ?, ?, ?)
[DEBUG] [2021-05-14 12:20] ==> Parameters: 5(Integer), mskim(String), net94@naver.com(String), 010-2222-2222(String), 2(Integer)
[DEBUG] [2021-05-14 12:20] <==    Updates: 1
[DEBUG] [2021-05-14 12:20] ==>  Preparing: insert into courses(course_id, name, description, start_date, end_date, tutor_id) values (?, ?,?,?,?,?)
[DEBUG] [2021-05-14 12:20] ==> Parameters: 8(Integer), Python(String), Programming(String), 2021-05-14 12:20:23.78(Timestamp), 2021-05-14 12:20:23.78(Timestamp), 5(Integer)
[DEBUG] [2021-05-14 12:20] <==    Updates: 1
[DEBUG] [2021-05-14 12:20] test04TrRemoveTutorAndCourse_FailTutor()
[DEBUG] [2021-05-14 12:20] ==>  Preparing: delete from courses where course_id=?
[DEBUG] [2021-05-14 12:20] ==> Parameters: 8(Integer)
[DEBUG] [2021-05-14 12:20] <==    Updates: 1
[DEBUG] [2021-05-14 12:20] ==>  Preparing: delete from tutors where tutor_id=?
[DEBUG] [2021-05-14 12:20] ==> Parameters: 10(Integer)
[DEBUG] [2021-05-14 12:20] <==    Updates: 0
[DEBUG] [2021-05-14 12:20] test05TrRemoveTutorAndCourse_FailCourse()
[DEBUG] [2021-05-14 12:20] ==>  Preparing: delete from courses where course_id=?
[DEBUG] [2021-05-14 12:20] ==> Parameters: 10(Integer)
[DEBUG] [2021-05-14 12:20] <==    Updates: 0
[DEBUG] [2021-05-14 12:20] ==>  Preparing: delete from tutors where tutor_id=?
[DEBUG] [2021-05-14 12:20] ==> Parameters: 5(Integer)
[DEBUG] [2021-05-14 12:20] test06TrRemoveTutorAndCourse_Success()
[DEBUG] [2021-05-14 12:20] ==>  Preparing: delete from courses where course_id=?
[DEBUG] [2021-05-14 12:20] ==> Parameters: 8(Integer)
[DEBUG] [2021-05-14 12:20] <==    Updates: 1
[DEBUG] [2021-05-14 12:20] ==>  Preparing: delete from tutors where tutor_id=?
[DEBUG] [2021-05-14 12:20] ==> Parameters: 5(Integer)
[DEBUG] [2021-05-14 12:20] <==    Updates: 1
[DEBUG] [2021-05-14 12:20] test01TrJoinTutorAndCourse_FailTutor()
[DEBUG] [2021-05-14 12:20] ==>  Preparing: Insert into tutors(tutor_id, name, email, phone, addr_id) values (?, ?, ?, ?, ?)
[DEBUG] [2021-05-14 12:20] ==> Parameters: 1(Integer), mskim(String), net94@naver.com(String), 010-2222-2222(String), 2(Integer)
[DEBUG] [2021-05-14 12:20] test02TrJoinTutorAndCourse_FailCourse()
[DEBUG] [2021-05-14 12:20] ==>  Preparing: Insert into tutors(tutor_id, name, email, phone, addr_id) values (?, ?, ?, ?, ?)
[DEBUG] [2021-05-14 12:20] ==> Parameters: 5(Integer), mskim(String), net94@naver.com(String), 010-2222-2222(String), 2(Integer)
[DEBUG] [2021-05-14 12:20] <==    Updates: 1
[DEBUG] [2021-05-14 12:20] ==>  Preparing: insert into courses(course_id, name, description, start_date, end_date, tutor_id) values (?, ?,?,?,?,?)
[DEBUG] [2021-05-14 12:20] ==> Parameters: 2(Integer), Python(String), Programming(String), 2021-05-14 12:20:44.456(Timestamp), 2021-05-14 12:20:44.456(Timestamp), 100(Integer)
[DEBUG] [2021-05-14 12:20] test03TrJoinTutorAndCourse_Success()
[DEBUG] [2021-05-14 12:20] ==>  Preparing: Insert into tutors(tutor_id, name, email, phone, addr_id) values (?, ?, ?, ?, ?)
[DEBUG] [2021-05-14 12:20] ==> Parameters: 5(Integer), mskim(String), net94@naver.com(String), 010-2222-2222(String), 2(Integer)
[DEBUG] [2021-05-14 12:20] <==    Updates: 1
[DEBUG] [2021-05-14 12:20] ==>  Preparing: insert into courses(course_id, name, description, start_date, end_date, tutor_id) values (?, ?,?,?,?,?)
[DEBUG] [2021-05-14 12:20] ==> Parameters: 8(Integer), Python(String), Programming(String), 2021-05-14 12:20:44.469(Timestamp), 2021-05-14 12:20:44.469(Timestamp), 5(Integer)
[DEBUG] [2021-05-14 12:20] <==    Updates: 1
[DEBUG] [2021-05-14 12:20] test04TrRemoveTutorAndCourse_FailTutor()
[DEBUG] [2021-05-14 12:20] ==>  Preparing: delete from courses where course_id=?
[DEBUG] [2021-05-14 12:20] ==> Parameters: 8(Integer)
[DEBUG] [2021-05-14 12:20] <==    Updates: 1
[DEBUG] [2021-05-14 12:20] ==>  Preparing: delete from tutors where tutor_id=?
[DEBUG] [2021-05-14 12:20] ==> Parameters: 10(Integer)
[DEBUG] [2021-05-14 12:20] <==    Updates: 0
[DEBUG] [2021-05-14 12:20] test05TrRemoveTutorAndCourse_FailCourse()
[DEBUG] [2021-05-14 12:20] ==>  Preparing: delete from courses where course_id=?
[DEBUG] [2021-05-14 12:20] ==> Parameters: 10(Integer)
[DEBUG] [2021-05-14 12:20] <==    Updates: 0
[DEBUG] [2021-05-14 12:20] ==>  Preparing: delete from tutors where tutor_id=?
[DEBUG] [2021-05-14 12:20] ==> Parameters: 5(Integer)
[DEBUG] [2021-05-14 12:20] test06TrRemoveTutorAndCourse_Success()
[DEBUG] [2021-05-14 12:20] ==>  Preparing: delete from courses where course_id=?
[DEBUG] [2021-05-14 12:20] ==> Parameters: 8(Integer)
[DEBUG] [2021-05-14 12:20] <==    Updates: 1
[DEBUG] [2021-05-14 12:20] ==>  Preparing: delete from tutors where tutor_id=?
[DEBUG] [2021-05-14 12:20] ==> Parameters: 5(Integer)
[DEBUG] [2021-05-14 12:20] <==    Updates: 1
[DEBUG] [2021-05-14 12:21] test01TrJoinTutorAndCourse_FailTutor()
[DEBUG] [2021-05-14 12:21] ==>  Preparing: Insert into tutors(tutor_id, name, email, phone, addr_id) values (?, ?, ?, ?, ?)
[DEBUG] [2021-05-14 12:21] ==> Parameters: 1(Integer), mskim(String), net94@naver.com(String), 010-2222-2222(String), 2(Integer)
[DEBUG] [2021-05-14 12:21] test02TrJoinTutorAndCourse_FailCourse()
[DEBUG] [2021-05-14 12:21] ==>  Preparing: Insert into tutors(tutor_id, name, email, phone, addr_id) values (?, ?, ?, ?, ?)
[DEBUG] [2021-05-14 12:21] ==> Parameters: 5(Integer), mskim(String), net94@naver.com(String), 010-2222-2222(String), 2(Integer)
[DEBUG] [2021-05-14 12:21] <==    Updates: 1
[DEBUG] [2021-05-14 12:21] ==>  Preparing: insert into courses(course_id, name, description, start_date, end_date, tutor_id) values (?, ?,?,?,?,?)
[DEBUG] [2021-05-14 12:21] ==> Parameters: 2(Integer), Python(String), Programming(String), 2021-05-14 12:21:15.198(Timestamp), 2021-05-14 12:21:15.198(Timestamp), 100(Integer)
[DEBUG] [2021-05-14 12:21] test03TrJoinTutorAndCourse_Success()
[DEBUG] [2021-05-14 12:21] ==>  Preparing: Insert into tutors(tutor_id, name, email, phone, addr_id) values (?, ?, ?, ?, ?)
[DEBUG] [2021-05-14 12:21] ==> Parameters: 5(Integer), mskim(String), net94@naver.com(String), 010-2222-2222(String), 2(Integer)
[DEBUG] [2021-05-14 12:21] <==    Updates: 1
[DEBUG] [2021-05-14 12:21] ==>  Preparing: insert into courses(course_id, name, description, start_date, end_date, tutor_id) values (?, ?,?,?,?,?)
[DEBUG] [2021-05-14 12:21] ==> Parameters: 8(Integer), Python(String), Programming(String), 2021-05-14 12:21:15.208(Timestamp), 2021-05-14 12:21:15.208(Timestamp), 5(Integer)
[DEBUG] [2021-05-14 12:21] <==    Updates: 1
[DEBUG] [2021-05-14 12:21] test04TrRemoveTutorAndCourse_FailTutor()
[DEBUG] [2021-05-14 12:21] ==>  Preparing: delete from courses where course_id=?
[DEBUG] [2021-05-14 12:21] ==> Parameters: 8(Integer)
[DEBUG] [2021-05-14 12:21] <==    Updates: 1
[DEBUG] [2021-05-14 12:21] ==>  Preparing: delete from tutors where tutor_id=?
[DEBUG] [2021-05-14 12:21] ==> Parameters: 10(Integer)
[DEBUG] [2021-05-14 12:21] <==    Updates: 0
[DEBUG] [2021-05-14 12:21] test05TrRemoveTutorAndCourse_FailCourse()
[DEBUG] [2021-05-14 12:21] ==>  Preparing: delete from courses where course_id=?
[DEBUG] [2021-05-14 12:21] ==> Parameters: 10(Integer)
[DEBUG] [2021-05-14 12:21] <==    Updates: 0
[DEBUG] [2021-05-14 12:21] ==>  Preparing: delete from tutors where tutor_id=?
[DEBUG] [2021-05-14 12:21] ==> Parameters: 5(Integer)
[DEBUG] [2021-05-14 12:21] test06TrRemoveTutorAndCourse_Success()
[DEBUG] [2021-05-14 12:21] ==>  Preparing: delete from courses where course_id=?
[DEBUG] [2021-05-14 12:21] ==> Parameters: 8(Integer)
[DEBUG] [2021-05-14 12:21] <==    Updates: 1
[DEBUG] [2021-05-14 12:21] ==>  Preparing: delete from tutors where tutor_id=?
[DEBUG] [2021-05-14 12:21] ==> Parameters: 5(Integer)
[DEBUG] [2021-05-14 12:21] <==    Updates: 1
[DEBUG] [2021-05-14 12:21] test01TrJoinTutorAndCourse_FailTutor()
[DEBUG] [2021-05-14 12:21] ==>  Preparing: Insert into tutors(tutor_id, name, email, phone, addr_id) values (?, ?, ?, ?, ?)
[DEBUG] [2021-05-14 12:21] ==> Parameters: 1(Integer), mskim(String), net94@naver.com(String), 010-2222-2222(String), 2(Integer)
[DEBUG] [2021-05-14 12:21] test02TrJoinTutorAndCourse_FailCourse()
[DEBUG] [2021-05-14 12:21] ==>  Preparing: Insert into tutors(tutor_id, name, email, phone, addr_id) values (?, ?, ?, ?, ?)
[DEBUG] [2021-05-14 12:21] ==> Parameters: 5(Integer), mskim(String), net94@naver.com(String), 010-2222-2222(String), 2(Integer)
[DEBUG] [2021-05-14 12:21] <==    Updates: 1
[DEBUG] [2021-05-14 12:21] ==>  Preparing: insert into courses(course_id, name, description, start_date, end_date, tutor_id) values (?, ?,?,?,?,?)
[DEBUG] [2021-05-14 12:21] ==> Parameters: 2(Integer), Python(String), Programming(String), 2021-05-14 12:21:21.984(Timestamp), 2021-05-14 12:21:21.984(Timestamp), 100(Integer)
[DEBUG] [2021-05-14 12:21] test03TrJoinTutorAndCourse_Success()
[DEBUG] [2021-05-14 12:21] ==>  Preparing: Insert into tutors(tutor_id, name, email, phone, addr_id) values (?, ?, ?, ?, ?)
[DEBUG] [2021-05-14 12:21] ==> Parameters: 5(Integer), mskim(String), net94@naver.com(String), 010-2222-2222(String), 2(Integer)
[DEBUG] [2021-05-14 12:21] test04TrRemoveTutorAndCourse_FailTutor()
[DEBUG] [2021-05-14 12:21] ==>  Preparing: delete from courses where course_id=?
[DEBUG] [2021-05-14 12:21] ==> Parameters: 8(Integer)
[DEBUG] [2021-05-14 12:21] <==    Updates: 0
[DEBUG] [2021-05-14 12:21] ==>  Preparing: delete from tutors where tutor_id=?
[DEBUG] [2021-05-14 12:21] ==> Parameters: 10(Integer)
[DEBUG] [2021-05-14 12:21] <==    Updates: 0
[DEBUG] [2021-05-14 12:21] test05TrRemoveTutorAndCourse_FailCourse()
[DEBUG] [2021-05-14 12:21] ==>  Preparing: delete from courses where course_id=?
[DEBUG] [2021-05-14 12:21] ==> Parameters: 10(Integer)
[DEBUG] [2021-05-14 12:21] <==    Updates: 0
[DEBUG] [2021-05-14 12:21] ==>  Preparing: delete from tutors where tutor_id=?
[DEBUG] [2021-05-14 12:21] ==> Parameters: 5(Integer)
[DEBUG] [2021-05-14 12:21] <==    Updates: 1
[DEBUG] [2021-05-14 12:21] test06TrRemoveTutorAndCourse_Success()
[DEBUG] [2021-05-14 12:21] ==>  Preparing: delete from courses where course_id=?
[DEBUG] [2021-05-14 12:21] ==> Parameters: 8(Integer)
[DEBUG] [2021-05-14 12:21] <==    Updates: 0
[DEBUG] [2021-05-14 12:21] ==>  Preparing: delete from tutors where tutor_id=?
[DEBUG] [2021-05-14 12:21] ==> Parameters: 5(Integer)
[DEBUG] [2021-05-14 12:21] <==    Updates: 0
[DEBUG] [2021-05-14 12:21] test01TrJoinTutorAndCourse_FailTutor()
[DEBUG] [2021-05-14 12:21] ==>  Preparing: Insert into tutors(tutor_id, name, email, phone, addr_id) values (?, ?, ?, ?, ?)
[DEBUG] [2021-05-14 12:21] ==> Parameters: 1(Integer), mskim(String), net94@naver.com(String), 010-2222-2222(String), 2(Integer)
[DEBUG] [2021-05-14 12:21] test02TrJoinTutorAndCourse_FailCourse()
[DEBUG] [2021-05-14 12:21] ==>  Preparing: Insert into tutors(tutor_id, name, email, phone, addr_id) values (?, ?, ?, ?, ?)
[DEBUG] [2021-05-14 12:21] ==> Parameters: 5(Integer), mskim(String), net94@naver.com(String), 010-2222-2222(String), 2(Integer)
[DEBUG] [2021-05-14 12:21] <==    Updates: 1
[DEBUG] [2021-05-14 12:21] ==>  Preparing: insert into courses(course_id, name, description, start_date, end_date, tutor_id) values (?, ?,?,?,?,?)
[DEBUG] [2021-05-14 12:21] ==> Parameters: 2(Integer), Python(String), Programming(String), 2021-05-14 12:21:43.387(Timestamp), 2021-05-14 12:21:43.387(Timestamp), 100(Integer)
[DEBUG] [2021-05-14 12:21] test03TrJoinTutorAndCourse_Success()
[DEBUG] [2021-05-14 12:21] ==>  Preparing: Insert into tutors(tutor_id, name, email, phone, addr_id) values (?, ?, ?, ?, ?)
[DEBUG] [2021-05-14 12:21] ==> Parameters: 5(Integer), mskim(String), net94@naver.com(String), 010-2222-2222(String), 2(Integer)
[DEBUG] [2021-05-14 12:21] test04TrRemoveTutorAndCourse_FailTutor()
[DEBUG] [2021-05-14 12:21] ==>  Preparing: delete from courses where course_id=?
[DEBUG] [2021-05-14 12:21] ==> Parameters: 8(Integer)
[DEBUG] [2021-05-14 12:21] <==    Updates: 0
[DEBUG] [2021-05-14 12:21] ==>  Preparing: delete from tutors where tutor_id=?
[DEBUG] [2021-05-14 12:21] ==> Parameters: 10(Integer)
[DEBUG] [2021-05-14 12:21] <==    Updates: 0
[DEBUG] [2021-05-14 12:21] test05TrRemoveTutorAndCourse_FailCourse()
[DEBUG] [2021-05-14 12:21] ==>  Preparing: delete from courses where course_id=?
[DEBUG] [2021-05-14 12:21] ==> Parameters: 10(Integer)
[DEBUG] [2021-05-14 12:21] <==    Updates: 0
[DEBUG] [2021-05-14 12:21] ==>  Preparing: delete from tutors where tutor_id=?
[DEBUG] [2021-05-14 12:21] ==> Parameters: 5(Integer)
[DEBUG] [2021-05-14 12:21] <==    Updates: 1
[DEBUG] [2021-05-14 12:21] test06TrRemoveTutorAndCourse_Success()
[DEBUG] [2021-05-14 12:21] ==>  Preparing: delete from courses where course_id=?
[DEBUG] [2021-05-14 12:21] ==> Parameters: 8(Integer)
[DEBUG] [2021-05-14 12:21] <==    Updates: 0
[DEBUG] [2021-05-14 12:21] ==>  Preparing: delete from tutors where tutor_id=?
[DEBUG] [2021-05-14 12:21] ==> Parameters: 5(Integer)
[DEBUG] [2021-05-14 12:21] <==    Updates: 0
[DEBUG] [2021-05-14 12:22] test01TrJoinTutorAndCourse_FailTutor()
[DEBUG] [2021-05-14 12:22] ==>  Preparing: Insert into tutors(tutor_id, name, email, phone, addr_id) values (?, ?, ?, ?, ?)
[DEBUG] [2021-05-14 12:22] ==> Parameters: 1(Integer), mskim(String), net94@naver.com(String), 010-2222-2222(String), 2(Integer)
[DEBUG] [2021-05-14 12:22] test02TrJoinTutorAndCourse_FailCourse()
[DEBUG] [2021-05-14 12:22] ==>  Preparing: Insert into tutors(tutor_id, name, email, phone, addr_id) values (?, ?, ?, ?, ?)
[DEBUG] [2021-05-14 12:22] ==> Parameters: 5(Integer), mskim(String), net94@naver.com(String), 010-2222-2222(String), 2(Integer)
[DEBUG] [2021-05-14 12:22] <==    Updates: 1
[DEBUG] [2021-05-14 12:22] ==>  Preparing: insert into courses(course_id, name, description, start_date, end_date, tutor_id) values (?, ?,?,?,?,?)
[DEBUG] [2021-05-14 12:22] ==> Parameters: 2(Integer), Python(String), Programming(String), 2021-05-14 12:22:15.669(Timestamp), 2021-05-14 12:22:15.669(Timestamp), 100(Integer)
[DEBUG] [2021-05-14 12:22] test03TrJoinTutorAndCourse_Success()
[DEBUG] [2021-05-14 12:22] ==>  Preparing: Insert into tutors(tutor_id, name, email, phone, addr_id) values (?, ?, ?, ?, ?)
[DEBUG] [2021-05-14 12:22] ==> Parameters: 5(Integer), mskim(String), net94@naver.com(String), 010-2222-2222(String), 2(Integer)
[DEBUG] [2021-05-14 12:22] test04TrRemoveTutorAndCourse_FailTutor()
[DEBUG] [2021-05-14 12:22] ==>  Preparing: delete from courses where course_id=?
[DEBUG] [2021-05-14 12:22] ==> Parameters: 8(Integer)
[DEBUG] [2021-05-14 12:22] <==    Updates: 0
[DEBUG] [2021-05-14 12:22] ==>  Preparing: delete from tutors where tutor_id=?
[DEBUG] [2021-05-14 12:22] ==> Parameters: 10(Integer)
[DEBUG] [2021-05-14 12:22] <==    Updates: 0
[DEBUG] [2021-05-14 12:22] test05TrRemoveTutorAndCourse_FailCourse()
[DEBUG] [2021-05-14 12:22] ==>  Preparing: delete from courses where course_id=?
[DEBUG] [2021-05-14 12:22] ==> Parameters: 10(Integer)
[DEBUG] [2021-05-14 12:22] <==    Updates: 0
[DEBUG] [2021-05-14 12:22] ==>  Preparing: delete from tutors where tutor_id=?
[DEBUG] [2021-05-14 12:22] ==> Parameters: 5(Integer)
[DEBUG] [2021-05-14 12:22] <==    Updates: 1
[DEBUG] [2021-05-14 12:22] test06TrRemoveTutorAndCourse_Success()
[DEBUG] [2021-05-14 12:22] ==>  Preparing: delete from courses where course_id=?
[DEBUG] [2021-05-14 12:22] ==> Parameters: 8(Integer)
[DEBUG] [2021-05-14 12:22] <==    Updates: 0
[DEBUG] [2021-05-14 12:22] ==>  Preparing: delete from tutors where tutor_id=?
[DEBUG] [2021-05-14 12:22] ==> Parameters: 5(Integer)
[DEBUG] [2021-05-14 12:22] <==    Updates: 0
[DEBUG] [2021-05-14 12:28] test01TrJoinTutorAndCourse_FailTutor()
[DEBUG] [2021-05-14 12:28] ==>  Preparing: Insert into tutors(tutor_id, name, email, phone, addr_id) values (?, ?, ?, ?, ?)
[DEBUG] [2021-05-14 12:28] ==> Parameters: 1(Integer), mskim(String), net94@naver.com(String), 010-2222-2222(String), 2(Integer)
[DEBUG] [2021-05-14 12:28] test02TrJoinTutorAndCourse_FailCourse()
[DEBUG] [2021-05-14 12:28] ==>  Preparing: Insert into tutors(tutor_id, name, email, phone, addr_id) values (?, ?, ?, ?, ?)
[DEBUG] [2021-05-14 12:28] ==> Parameters: 5(Integer), mskim(String), net94@naver.com(String), 010-2222-2222(String), 2(Integer)
[DEBUG] [2021-05-14 12:28] <==    Updates: 1
[DEBUG] [2021-05-14 12:28] ==>  Preparing: insert into courses(course_id, name, description, start_date, end_date, tutor_id) values (?, ?,?,?,?,?)
[DEBUG] [2021-05-14 12:28] ==> Parameters: 2(Integer), Python(String), Programming(String), 2021-05-14 12:28:51.779(Timestamp), 2021-05-14 12:28:51.779(Timestamp), 100(Integer)
[DEBUG] [2021-05-14 12:28] test03TrJoinTutorAndCourse_Success()
[DEBUG] [2021-05-14 12:28] ==>  Preparing: Insert into tutors(tutor_id, name, email, phone, addr_id) values (?, ?, ?, ?, ?)
[DEBUG] [2021-05-14 12:28] ==> Parameters: 5(Integer), mskim(String), net94@naver.com(String), 010-2222-2222(String), 2(Integer)
[DEBUG] [2021-05-14 12:28] test04TrRemoveTutorAndCourse_FailTutor()
[DEBUG] [2021-05-14 12:28] ==>  Preparing: delete from courses where course_id=?
[DEBUG] [2021-05-14 12:28] ==> Parameters: 8(Integer)
[DEBUG] [2021-05-14 12:28] <==    Updates: 0
[DEBUG] [2021-05-14 12:28] ==>  Preparing: delete from tutors where tutor_id=?
[DEBUG] [2021-05-14 12:28] ==> Parameters: 10(Integer)
[DEBUG] [2021-05-14 12:28] <==    Updates: 0
[DEBUG] [2021-05-14 12:28] test05TrRemoveTutorAndCourse_FailCourse()
[DEBUG] [2021-05-14 12:28] ==>  Preparing: delete from courses where course_id=?
[DEBUG] [2021-05-14 12:28] ==> Parameters: 10(Integer)
[DEBUG] [2021-05-14 12:28] <==    Updates: 0
[DEBUG] [2021-05-14 12:28] ==>  Preparing: delete from tutors where tutor_id=?
[DEBUG] [2021-05-14 12:28] ==> Parameters: 5(Integer)
[DEBUG] [2021-05-14 12:28] <==    Updates: 1
[DEBUG] [2021-05-14 12:30] test01TrJoinTutorAndCourse_FailTutor()
[DEBUG] [2021-05-14 12:30] ==>  Preparing: Insert into tutors(tutor_id, name, email, phone, addr_id) values (?, ?, ?, ?, ?)
[DEBUG] [2021-05-14 12:30] ==> Parameters: 1(Integer), mskim(String), net94@naver.com(String), 010-2222-2222(String), 2(Integer)
[DEBUG] [2021-05-14 12:30] test02TrJoinTutorAndCourse_FailCourse()
[DEBUG] [2021-05-14 12:30] ==>  Preparing: Insert into tutors(tutor_id, name, email, phone, addr_id) values (?, ?, ?, ?, ?)
[DEBUG] [2021-05-14 12:30] ==> Parameters: 5(Integer), mskim(String), net94@naver.com(String), 010-2222-2222(String), 2(Integer)
[DEBUG] [2021-05-14 12:30] <==    Updates: 1
[DEBUG] [2021-05-14 12:30] ==>  Preparing: insert into courses(course_id, name, description, start_date, end_date, tutor_id) values (?, ?,?,?,?,?)
[DEBUG] [2021-05-14 12:30] ==> Parameters: 2(Integer), Python(String), Programming(String), 2021-05-14 12:30:49.859(Timestamp), 2021-05-14 12:30:49.859(Timestamp), 100(Integer)
[DEBUG] [2021-05-14 12:30] test03TrJoinTutorAndCourse_Success()
[DEBUG] [2021-05-14 12:30] ==>  Preparing: Insert into tutors(tutor_id, name, email, phone, addr_id) values (?, ?, ?, ?, ?)
[DEBUG] [2021-05-14 12:30] ==> Parameters: 5(Integer), mskim(String), net94@naver.com(String), 010-2222-2222(String), 2(Integer)
[DEBUG] [2021-05-14 12:30] <==    Updates: 1
[DEBUG] [2021-05-14 12:30] ==>  Preparing: insert into courses(course_id, name, description, start_date, end_date, tutor_id) values (?, ?,?,?,?,?)
[DEBUG] [2021-05-14 12:30] ==> Parameters: 8(Integer), Python(String), Programming(String), 2021-05-14 12:30:49.871(Timestamp), 2021-05-14 12:30:49.871(Timestamp), 5(Integer)
[DEBUG] [2021-05-14 12:30] <==    Updates: 1
[DEBUG] [2021-05-14 12:30] test04TrRemoveTutorAndCourse_FailTutor()
[DEBUG] [2021-05-14 12:30] ==>  Preparing: delete from courses where course_id=?
[DEBUG] [2021-05-14 12:30] ==> Parameters: 8(Integer)
[DEBUG] [2021-05-14 12:30] <==    Updates: 1
[DEBUG] [2021-05-14 12:30] ==>  Preparing: delete from tutors where tutor_id=?
[DEBUG] [2021-05-14 12:30] ==> Parameters: 10(Integer)
[DEBUG] [2021-05-14 12:30] <==    Updates: 0
[DEBUG] [2021-05-14 12:30] test05TrRemoveTutorAndCourse_FailCourse()
[DEBUG] [2021-05-14 12:30] ==>  Preparing: delete from courses where course_id=?
[DEBUG] [2021-05-14 12:30] ==> Parameters: 10(Integer)
[DEBUG] [2021-05-14 12:30] <==    Updates: 0
[DEBUG] [2021-05-14 12:30] ==>  Preparing: delete from tutors where tutor_id=?
[DEBUG] [2021-05-14 12:30] ==> Parameters: 5(Integer)
[DEBUG] [2021-05-14 12:32] test01TrJoinTutorAndCourse_FailTutor()
[DEBUG] [2021-05-14 12:32] ==>  Preparing: Insert into tutors(tutor_id, name, email, phone, addr_id) values (?, ?, ?, ?, ?)
[DEBUG] [2021-05-14 12:32] ==> Parameters: 1(Integer), mskim(String), net94@naver.com(String), 010-2222-2222(String), 2(Integer)
[DEBUG] [2021-05-14 12:32] test02TrJoinTutorAndCourse_FailCourse()
[DEBUG] [2021-05-14 12:32] ==>  Preparing: Insert into tutors(tutor_id, name, email, phone, addr_id) values (?, ?, ?, ?, ?)
[DEBUG] [2021-05-14 12:32] ==> Parameters: 5(Integer), mskim(String), net94@naver.com(String), 010-2222-2222(String), 2(Integer)
[DEBUG] [2021-05-14 12:32] test03TrJoinTutorAndCourse_Success()
[DEBUG] [2021-05-14 12:32] ==>  Preparing: Insert into tutors(tutor_id, name, email, phone, addr_id) values (?, ?, ?, ?, ?)
[DEBUG] [2021-05-14 12:32] ==> Parameters: 5(Integer), mskim(String), net94@naver.com(String), 010-2222-2222(String), 2(Integer)
[DEBUG] [2021-05-14 12:32] test04TrRemoveTutorAndCourse_FailTutor()
[DEBUG] [2021-05-14 12:32] ==>  Preparing: delete from courses where course_id=?
[DEBUG] [2021-05-14 12:32] ==> Parameters: 8(Integer)
[DEBUG] [2021-05-14 12:32] <==    Updates: 1
[DEBUG] [2021-05-14 12:32] ==>  Preparing: delete from tutors where tutor_id=?
[DEBUG] [2021-05-14 12:32] ==> Parameters: 10(Integer)
[DEBUG] [2021-05-14 12:32] <==    Updates: 0
[DEBUG] [2021-05-14 12:32] test05TrRemoveTutorAndCourse_FailCourse()
[DEBUG] [2021-05-14 12:32] ==>  Preparing: delete from courses where course_id=?
[DEBUG] [2021-05-14 12:32] ==> Parameters: 10(Integer)
[DEBUG] [2021-05-14 12:32] <==    Updates: 0
[DEBUG] [2021-05-14 12:32] ==>  Preparing: delete from tutors where tutor_id=?
[DEBUG] [2021-05-14 12:32] ==> Parameters: 5(Integer)
[DEBUG] [2021-05-14 12:32] test06TrRemoveTutorAndCourse_Success()
[DEBUG] [2021-05-14 12:32] ==>  Preparing: delete from courses where course_id=?
[DEBUG] [2021-05-14 12:32] ==> Parameters: 8(Integer)
[DEBUG] [2021-05-14 12:32] <==    Updates: 1
[DEBUG] [2021-05-14 12:32] ==>  Preparing: delete from tutors where tutor_id=?
[DEBUG] [2021-05-14 12:32] ==> Parameters: 5(Integer)
[DEBUG] [2021-05-14 12:32] <==    Updates: 1
[DEBUG] [2021-05-14 12:32] test01TrJoinTutorAndCourse_FailTutor()
[DEBUG] [2021-05-14 12:32] ==>  Preparing: Insert into tutors(tutor_id, name, email, phone, addr_id) values (?, ?, ?, ?, ?)
[DEBUG] [2021-05-14 12:32] ==> Parameters: 1(Integer), mskim(String), net94@naver.com(String), 010-2222-2222(String), 2(Integer)
[DEBUG] [2021-05-14 12:32] test02TrJoinTutorAndCourse_FailCourse()
[DEBUG] [2021-05-14 12:32] ==>  Preparing: Insert into tutors(tutor_id, name, email, phone, addr_id) values (?, ?, ?, ?, ?)
[DEBUG] [2021-05-14 12:32] ==> Parameters: 5(Integer), mskim(String), net94@naver.com(String), 010-2222-2222(String), 2(Integer)
[DEBUG] [2021-05-14 12:32] <==    Updates: 1
[DEBUG] [2021-05-14 12:32] ==>  Preparing: insert into courses(course_id, name, description, start_date, end_date, tutor_id) values (?, ?,?,?,?,?)
[DEBUG] [2021-05-14 12:32] ==> Parameters: 2(Integer), Python(String), Programming(String), 2021-05-14 12:32:27.362(Timestamp), 2021-05-14 12:32:27.362(Timestamp), 100(Integer)
[DEBUG] [2021-05-14 12:32] test03TrJoinTutorAndCourse_Success()
[DEBUG] [2021-05-14 12:32] ==>  Preparing: Insert into tutors(tutor_id, name, email, phone, addr_id) values (?, ?, ?, ?, ?)
[DEBUG] [2021-05-14 12:32] ==> Parameters: 5(Integer), mskim(String), net94@naver.com(String), 010-2222-2222(String), 2(Integer)
[DEBUG] [2021-05-14 12:32] <==    Updates: 1
[DEBUG] [2021-05-14 12:32] ==>  Preparing: insert into courses(course_id, name, description, start_date, end_date, tutor_id) values (?, ?,?,?,?,?)
[DEBUG] [2021-05-14 12:32] ==> Parameters: 8(Integer), Python(String), Programming(String), 2021-05-14 12:32:27.371(Timestamp), 2021-05-14 12:32:27.371(Timestamp), 5(Integer)
[DEBUG] [2021-05-14 12:32] <==    Updates: 1
[DEBUG] [2021-05-14 12:32] test04TrRemoveTutorAndCourse_FailTutor()
[DEBUG] [2021-05-14 12:32] ==>  Preparing: delete from courses where course_id=?
[DEBUG] [2021-05-14 12:32] ==> Parameters: 8(Integer)
[DEBUG] [2021-05-14 12:32] <==    Updates: 1
[DEBUG] [2021-05-14 12:32] ==>  Preparing: delete from tutors where tutor_id=?
[DEBUG] [2021-05-14 12:32] ==> Parameters: 10(Integer)
[DEBUG] [2021-05-14 12:32] <==    Updates: 0
[DEBUG] [2021-05-14 12:32] test05TrRemoveTutorAndCourse_FailCourse()
[DEBUG] [2021-05-14 12:32] ==>  Preparing: delete from courses where course_id=?
[DEBUG] [2021-05-14 12:32] ==> Parameters: 10(Integer)
[DEBUG] [2021-05-14 12:32] <==    Updates: 0
[DEBUG] [2021-05-14 12:32] ==>  Preparing: delete from tutors where tutor_id=?
[DEBUG] [2021-05-14 12:32] ==> Parameters: 5(Integer)
[DEBUG] [2021-05-14 12:32] test06TrRemoveTutorAndCourse_Success()
[DEBUG] [2021-05-14 12:32] ==>  Preparing: delete from courses where course_id=?
[DEBUG] [2021-05-14 12:32] ==> Parameters: 8(Integer)
[DEBUG] [2021-05-14 12:32] <==    Updates: 1
[DEBUG] [2021-05-14 12:32] ==>  Preparing: delete from tutors where tutor_id=?
[DEBUG] [2021-05-14 12:32] ==> Parameters: 5(Integer)
[DEBUG] [2021-05-14 12:32] <==    Updates: 1
[DEBUG] [2021-05-14 14:52] testGetCourseCountByTutor()
[DEBUG] [2021-05-14 14:53] testGetCourseCountByTutor()
[DEBUG] [2021-05-14 14:53] ==>  Preparing: { call course_total(?, mode=In, jdbcType=Integer) }
[DEBUG] [2021-05-14 14:53] ==> Parameters: 1(Integer)
[DEBUG] [2021-05-14 16:24] testGetCourseCountByTutor()
[DEBUG] [2021-05-14 16:24] ==>  Preparing: { call course_total(?, mode=In, jdbcType=Integer) }
[DEBUG] [2021-05-14 16:24] ==> Parameters: 1(Integer)
[DEBUG] [2021-05-14 16:49] testGetCourseCountByTutor()
[DEBUG] [2021-05-14 16:49] testGetCourseCountByTutor()
[DEBUG] [2021-05-14 16:49] ==>  Preparing: { call course_total(?) }
[DEBUG] [2021-05-14 16:49] ==> Parameters: 1(Integer)
[TRACE] [2021-05-14 16:49] <==    Columns: tutor, total
[TRACE] [2021-05-14 16:49] <==        Row: John, 2
[DEBUG] [2021-05-14 16:49] <==      Total: 1
[DEBUG] [2021-05-14 16:49] <==    Updates: 0
[DEBUG] [2021-05-14 16:49] CourseStat [tutor=John, total=2]
[DEBUG] [2021-05-14 16:51] testGetCourseCountByTutor()
[DEBUG] [2021-05-14 16:51] ==>  Preparing: { call course_total(?) }
[DEBUG] [2021-05-14 16:51] ==> Parameters: 1(Integer)
[TRACE] [2021-05-14 16:51] <==    Columns: tutor, total
[TRACE] [2021-05-14 16:51] <==        Row: John, 2
[DEBUG] [2021-05-14 16:51] <==      Total: 1
[DEBUG] [2021-05-14 16:51] <==    Updates: 0
[DEBUG] [2021-05-14 16:51] CourseStat [tutor=John, total=2]
[DEBUG] [2021-05-14 16:51] testGetCourseCountByTutor()
[DEBUG] [2021-05-14 16:51] ==>  Preparing: { call course_total(?) }
[DEBUG] [2021-05-14 16:51] ==> Parameters: 1(Integer)
[TRACE] [2021-05-14 16:51] <==    Columns: tutor, total
[TRACE] [2021-05-14 16:51] <==        Row: John, 2
[DEBUG] [2021-05-14 16:51] <==      Total: 1
[DEBUG] [2021-05-14 16:51] <==    Updates: 0
[DEBUG] [2021-05-14 16:51] CourseStat [tutor=John, total=2]
